LFDT>APRS,TCPIP*,qAC,GLIDERN2:/080357h4313.03NI00004.42E&/A=001099
LFDT>APRS,TCPIP*,qAC,GLIDERN2:>080357h v0.2.6.ARM CPU:0.5 RAM:655.2/890.0MB NTP:0.5ms/+6.0ppm +57.0C 0/0Acfts[1h] RF:+52-7.0ppm/+0.16dB/+1.3dB@10km[552445]/+17.1dB@10km[1/1]
LFCN>APRS,TCPIP*,qAC,GLIDERN2:/080410h4345.98NI00002.02W&/A=000328
LFCN>APRS,TCPIP*,qAC,GLIDERN2:>080410h v0.2.6.ARM CPU:0.5 RAM:255.0/877.1MB NTP:1.4ms/+12.0ppm +57.0C 0/0Acfts[1h] RF:+57-0.4ppm/-0.01dB/+2.0dB@10km[913435]/+7.4dB@10km[1/1]
LFIT>APRS,TCPIP*,qAC,GLIDERN3:/080420h4336.52NI00143.56E&/A=000554
LFIT>APRS,TCPIP*,qAC,GLIDERN3:>080420h v0.2.6.ARM CPU:0.8 RAM:118.9/890.0MB NTP:0.5ms/+8.2ppm +59.0C 0/0Acfts[1h] RF:+39-9.0ppm/+5.20dB/-1.3dB@10km[82205]/-2.5dB@10km[4/7]
LEFM>APRS,TCPIP*,qAC,GLIDERN1:/080427h4053.34NI00414.45W&/A=003346
LEFM>APRS,TCPIP*,qAC,GLIDERN1:>080427h v0.2.6.ARM CPU:0.4 RAM:602.5/968.2MB NTP:3.8ms/+4.9ppm +55.7C 0/0Acfts[1h] RF:+41+7.4ppm/+0.32dB/+2.7dB@10km[128806]/-0.2dB@10km[1/1]
Bram>APRS,TCPIP*,qAC,GLIDERN3:/080658h4314.47NI00206.83E&/A=000515
Bram>APRS,TCPIP*,qAC,GLIDERN3:>080658h v0.2.6.RPI-GPU CPU:1.4 RAM:227.5/456.4MB NTP:1.0ms/-8.0ppm +53.0C 0/0Acfts[1h] RF:+54-5.9ppm/-0.66dB
LFDH>APRS,TCPIP*,qAC,GLIDERN3:/080659h4341.15NI00036.13E&/A=000433
LFDH>APRS,TCPIP*,qAC,GLIDERN3:>080659h v0.2.6.ARM CPU:0.5 RAM:112.4/889.9MB NTP:0.4ms/+7.9ppm +56.0C 0/0Acfts[1h] RF:+39-4.1ppm/+0.48dB/+7.6dB@10km[1822934]/+15.6dB@10km[2/3]
LFIL>APRS,TCPIP*,qAC,GLIDERN2:/080706h4355.04NI00056.91W&/A=000269
LFIL>APRS,TCPIP*,qAC,GLIDERN2:>080706h v0.2.6.ARM CPU:0.6 RAM:649.3/889.9MB NTP:0.5ms/+8.0ppm +48.0C 0/0Acfts[1h] RF:+43-7.1ppm/+0.25dB/+7.5dB@10km[142167]
LEMD>OGNSDR,TCPIP*,qAC,GLIDERN3:/080707h4030.49NI00338.59W&/A=002280
LEMD>OGNSDR,TCPIP*,qAC,GLIDERN3:>080707h v0.2.7.RPI-GPU CPU:0.3 RAM:110.1/972.3MB NTP:0.9ms/-5.7ppm +56.9C 0/0Acfts[1h] RF:+50-1.9ppm/-2.02dB
LELT>APRS,TCPIP*,qAC,GLIDERN2:/080714h3942.88NI00318.81W&/A=002244
LELT>APRS,TCPIP*,qAC,GLIDERN2:>080714h v0.2.6.ARM CPU:0.3 RAM:826.1/972.3MB NTP:2.3ms/+8.2ppm +55.1C 0/0Acfts[1h] RF:+50+15.9ppm/+2.22dB
PortAine>APRS,TCPIP*,qAC,GLIDERN1:/080715h4226.08NI00112.62E&/A=005520
PortAine>APRS,TCPIP*,qAC,GLIDERN1:>080715h v0.2.6.ARM CPU:0.3 RAM:740.7/970.8MB NTP:3.0ms/+1.9ppm +46.5C 0/0Acfts[1h] RF:+51-4.1ppm/+0.93dB/+10.7dB@10km[17536]/+17.1dB@10km[2/3]
