RND0098FB>APRS,qAS,LELT:/125243h3943.45N/00320.33W'299/055/A=002880 !W71! id040098FB +634fpm +0.0rot 15.5dB 0e -6.2kHz gps2x3
FLRDDEE86>APRS,qAS,LELT:/125243h3941.90N/00317.73W'342/056/A=005776 !W21! id06DDEE86 +178fpm -0.7rot 11.2dB 0e -2.6kHz gps1x1
FLRDDE728>APRS,qAS,LELT:/125243h3943.47N/00320.36W'301/055/A=002867 !W64! id0ADDE728 +911fpm +0.3rot 14.2dB 0e -4.4kHz gps1x1
LFIM>APRS,TCPIP*,qAC,GLIDERN2:/125302h4306.33NI00036.99E&/A=001338
LFIM>APRS,TCPIP*,qAC,GLIDERN2:>125302h v0.2.6.RPI-GPU CPU:1.0 RAM:264.3/455.8MB NTP:1.5ms/-6.9ppm +44.4C 0/0Acfts[1h] RF:+81+0.0ppm/+0.22dB/+16.0dB@10km[2]/+16.0dB@10km[1/1]
RND0098FB>APRS,qAS,LELT:/125245h3943.47N/00320.36W'301/053/A=002906 !W36! id040098FB +931fpm +0.1rot 19.5dB 0e -6.2kHz gps2x3
RND0098FB>APRS,qAS,LELT:/125246h3943.48N/00320.38W'302/052/A=002922 !W02! id040098FB +1089fpm +0.1rot 20.2dB 0e -6.1kHz gps2x3
FLRDDC159>APRS,qAS,LELT:/125246h3942.93N/00318.97W'000/000/A=002227 !W98! id06DDC159 +000fpm +0.0rot 45.5dB 0e -8.2kHz gps2x2
FLRDDE728>APRS,qAS,LELT:/125246h3943.50N/00320.41W'299/052/A=002916 !W04! id0ADDE728 +1049fpm -0.5rot 14.5dB 0e -4.4kHz gps1x1
RND0098FB>APRS,qAS,LELT:/125249h3943.50N/00320.43W'298/053/A=002972 !W31! id040098FB +693fpm -0.3rot 22.8dB 0e -6.2kHz gps2x3
FLRDDE44C>APRS,qAS,LELT:/125248h3942.94N/00318.96W'000/000/A=002244 !W92! id06DDE44C -019fpm +0.0rot 49.8dB 0e +1.3kHz gps0x1
FLRDDEE86>APRS,qAS,LELT:/125248h3941.97N/00317.78W'327/060/A=005760 !W40! id06DDEE86 -553fpm -0.6rot 7.0dB 2e -2.6kHz gps1x1
FLRDDE728>APRS,qAS,LELT:/125248h3943.51N/00320.44W'295/053/A=002945 !W39! id0ADDE728 +1010fpm -1.0rot 14.5dB 0e -4.4kHz gps1x1
FLRDDE728>APRS,qAS,LELT:/125249h3943.51N/00320.46W'290/053/A=002965 !W87! id0ADDE728 +1267fpm -1.2rot 15.0dB 0e -4.4kHz gps1x1
RND0098FB>APRS,qAS,LELT:/125534h3942.88N/00319.76W'141/071/A=004454 !W57! id040098FB +277fpm +2.5rot 15.5dB 0e -6.2kHz gps3x4
FLRDDEE86>APRS,qAS,LELT:/125534h3942.89N/00321.41W'281/052/A=005179 !W30! id06DDEE86 -355fpm +0.0rot 9.0dB 3e -2.8kHz gps1x1
FLRDDE728>APRS,qAS,LELT:/125534h3942.96N/00320.29W'282/087/A=004156 !W83! id0ADDE728 -237fpm -0.9rot 5.2dB 0e -3.8kHz gps1x1
RND0098FB>APRS,qAS,LELT:/125535h3942.86N/00319.75W'154/070/A=004458 !W66! id040098FB +158fpm +2.1rot 15.0dB 0e -6.2kHz gps3x4
RND0098FB>APRS,qAS,LEOC:/125545h3942.77N/00319.87W'306/044/A=004490 !W90! id040098FB +079fpm +4.1rot 1.8dB 1e -5.7kHz gps2x3
RND0098FB>APRS,qAS,LEOC:/125546h3942.79N/00319.88W'320/046/A=004490 !W01! id040098FB -078fpm +3.4rot 2.5dB 1e -5.8kHz gps2x3
RND0098FB>APRS,qAS,LELT:/125537h3942.82N/00319.74W'182/065/A=004464 !W58! id040098FB +436fpm +2.5rot 8.2dB 0e -6.2kHz gps3x4
FLRDDE728>APRS,qAS,LELT:/125537h3942.97N/00320.38W'275/084/A=004139 !W75! id0ADDE728 -553fpm -0.4rot 3.5dB 3e -3.9kHz gps1x1
FLRDDEC57>APRS,qAS,LELT:/125539h3942.93N/00318.97W'000/000/A=002230 !W62! id06DDEC57 -019fpm +0.0rot 47.5dB 0e -1.6kHz gps1x2
FLRDDEE86>APRS,qAS,LELT:/125539h3942.91N/00321.50W'283/055/A=005123 !W04! id06DDEE86 -1048fpm -0.1rot 9.8dB 0e -2.7kHz gps1x1
RND0098FB>APRS,qAS,LELT:/125543h3942.76N/00319.83W'271/044/A=004480 !W68! id040098FB +139fpm +4.5rot 6.0dB 1e -6.2kHz gps2x3
FLRDDAEC8>APRS,qAS,LELT:/125543h3936.50N/00331.49W'301/054/A=007350 !W92! id06DDAEC8 +614fpm -0.2rot 4.5dB 2e -4.5kHz gps4x5
FLRDDEE86>APRS,qAS,LELT:/125543h3942.92N/00321.58W'281/059/A=005074 !W56! id06DDEE86 -395fpm +0.0rot 12.2dB 0e -2.7kHz gps1x1
FLRDDE728>APRS,qAS,LELT:/125543h3942.99N/00320.56W'277/082/A=004041 !W24! id0ADDE728 -1147fpm -0.2rot 10.2dB 0e -3.8kHz gps1x1
RND0098FB>APRS,qAS,LELT:/125545h3942.77N/00319.87W'306/044/A=004487 !W90! id040098FB +079fpm +4.1rot 9.2dB 0e -6.2kHz gps2x3
FLRDDD906>APRS,qAS,LELT:/125545h3942.93N/00318.96W'000/000/A=002237 !W65! id06DDD906 +000fpm +0.0rot 50.0dB 0e +0.9kHz gps2x3
FLRDDEE86>APRS,qAS,LELT:/125547h3942.94N/00321.66W'289/056/A=005041 !W27! id06DDEE86 -415fpm +0.3rot 8.5dB 0e -2.7kHz gps1x1
FLRDDE728>APRS,qAS,LELT:/125547h3943.00N/00320.68W'276/083/A=003962 !W03! id0ADDE728 -1187fpm +0.5rot 12.5dB 0e -3.8kHz gps1x1
RND0098FB>APRS,qAS,LEOC:/125549h3942.83N/00319.89W'350/051/A=004494 !W17! id040098FB +198fpm +1.3rot 1.5dB 3e -5.8kHz gps2x3
RND0098FB>APRS,qAS,LELT:/125549h3942.83N/00319.89W'350/051/A=004490 !W28! id040098FB +198fpm +1.3rot 16.0dB 0e -6.1kHz gps2x3
FLRDDC159>APRS,qAS,LELT:/125549h3942.93N/00318.97W'000/000/A=002237 !W98! id06DDC159 +020fpm +0.0rot 44.2dB 0e -8.2kHz gps1x2
FLRDDE44C>APRS,qAS,LELT:/125549h3942.94N/00318.96W'000/000/A=002244 !W92! id06DDE44C +000fpm +0.0rot 49.8dB 0e +1.3kHz gps0x1
RND0098FB>APRS,qAS,LELT:/125551h3942.86N/00319.89W'007/053/A=004507 !W27! id040098FB +693fpm +1.4rot 23.5dB 0e -6.2kHz gps2x3
FLRDDE728>APRS,qAS,LELT:/125551h3943.01N/00320.80W'284/083/A=003913 !W92! id0ADDE728 +079fpm +0.7rot 4.5dB 2e -3.8kHz gps1x1
RND0098FB>APRS,qAS,LELT:/125552h3942.87N/00319.89W'014/054/A=004520 !W71! id040098FB +614fpm +1.5rot 22.0dB 0e -6.1kHz gps2x3
FLRDDE728>APRS,qAS,LELT:/125552h3943.02N/00320.83W'285/082/A=003920 !W60! id0ADDE728 +356fpm +0.3rot 8.2dB 0e -3.8kHz gps1x1
RND0098FB>APRS,qAS,LELT:/125554h3942.90N/00319.87W'042/057/A=004530 !W70! id040098FB +317fpm +2.8rot 17.5dB 0e -6.1kHz gps2x4
RND0098FB>APRS,qAS,LELT:/125556h3942.92N/00319.82W'073/063/A=004543 !W17! id040098FB +515fpm +2.6rot 15.5dB 0e -6.1kHz gps2x4
FLRDDEE86>APRS,qAS,LELT:/125556h3942.99N/00321.83W'293/055/A=004953 !W61! id06DDEE86 -910fpm -0.1rot 13.0dB 0e -2.7kHz gps1x1
CREAL>APRS,TCPIP*,qAC,GLIDERN2:/125615h3858.92NI00354.72W&/A=002112
CREAL>APRS,TCPIP*,qAC,GLIDERN2:>125615h v0.2.6.ARM CPU:0.6 RAM:707.9/970.8MB NTP:1.4ms/-1.8ppm +44.4C 0/0Acfts[1h] RF:+0-1.1ppm/+2.14dB/+16.6dB@10km[9511]/+17.6dB@10km[3/5]
FLRDDEC57>APRS,qAS,LELT:/125600h3942.93N/00318.97W'000/000/A=002230 !W62! id06DDEC57 -019fpm +0.0rot 47.8dB 0e -1.6kHz gps1x2
FLRDDEE86>APRS,qAS,LELT:/125600h3943.02N/00321.90W'295/056/A=004904 !W17! id06DDEE86 -514fpm +0.0rot 7.5dB 1e -2.8kHz gps1x1
RND0098FB>APRS,qAS,LELT:/125602h3942.87N/00319.70W'153/066/A=004556 !W01! id040098FB -276fpm +1.9rot 16.0dB 0e -7.3kHz gps2x4
FLRDDD906>APRS,qAS,LELT:/125602h3942.93N/00318.96W'000/000/A=002230 !W65! id06DDD906 +000fpm +0.0rot 50.0dB 0e +0.9kHz gps2x3
RND0098FB>APRS,qAS,LELT:/125603h3942.85N/00319.69W'163/067/A=004553 !W25! id040098FB -355fpm +2.1rot 12.8dB 0e -6.2kHz gps2x4
LFID>APRS,TCPIP*,qAC,GLIDERN2:/125619h4354.55NI00023.38E&/A=000469
LFID>APRS,TCPIP*,qAC,GLIDERN2:>125619h v0.2.6.ARM CPU:0.5 RAM:86.1/889.9MB NTP:0.7ms/+6.9ppm +44.0C 0/0Acfts[1h] RF:+54-5.0ppm/+8.71dB/-0.2dB@10km[52769]
FLRDDEE86>APRS,qAS,LELT:/125605h3943.05N/00321.99W'295/055/A=004858 !W58! id06DDEE86 -949fpm +0.0rot 15.0dB 0e -2.7kHz gps1x1
RND0098FB>APRS,qAS,LELT:/125607h3942.78N/00319.72W'221/056/A=004566 !W22! id040098FB +337fpm +2.5rot 13.5dB 0e -4.9kHz gps3x4
FLRDDEE86>APRS,qAS,LELT:/125607h3943.06N/00322.03W'295/055/A=004835 !W84! id06DDEE86 -553fpm -0.1rot 11.8dB 0e -2.7kHz gps1x1
StOrosiaE>APRS,TCPIP*,qAC,GLIDERN3:/125625h4230.93NI00017.29W&/A=005415
StOrosiaE>APRS,TCPIP*,qAC,GLIDERN3:>125625h v0.2.6.ARM CPU:0.4 RAM:760.4/970.5MB NTP:0.4ms/-5.7ppm +36.9C 0/0Acfts[1h] RF:+54-1.2ppm/-2.01dB
RND0098FB>APRS,qAS,LELT:/125738h3942.72N/00319.68W'050/062/A=004940 !W28! id040098FB -237fpm +3.9rot 12.0dB 0e -6.1kHz gps3x5
RND0098FB>APRS,qAS,LELT:/125740h3942.73N/00319.63W'080/066/A=004940 !W28! id040098FB +119fpm +3.8rot 14.0dB 0e -6.2kHz gps3x4
FLRDDEE86>APRS,qAS,LELT:/125738h3942.51N/00320.77W'110/069/A=003857 !W75! id06DDEE86 -1266fpm +0.2rot 13.0dB 0e -2.5kHz gps1x1
FLRDDE728>APRS,qAS,LELT:/125740h3943.13N/00319.83W'086/088/A=002453 !W61! id0ADDE728 -514fpm +0.3rot 26.0dB 0e -3.0kHz gps1x1
FLRDDEE86>APRS,qAS,LELT:/125742h3942.49N/00320.68W'111/069/A=003805 !W02! id06DDEE86 -553fpm +0.0rot 14.0dB 0e -2.6kHz gps1x1
LFIM>APRS,TCPIP*,qAC,GLIDERN2:/125802h4306.33NI00036.99E&/A=001338
LFIM>APRS,TCPIP*,qAC,GLIDERN2:>125802h v0.2.6.RPI-GPU CPU:0.8 RAM:264.1/455.8MB NTP:1.5ms/-6.9ppm +44.4C 0/0Acfts[1h] RF:+81+0.0ppm/+0.17dB/+16.0dB@10km[2]/+16.0dB@10km[1/1]
FLRDDD906>APRS,qAS,LELT:/125745h3942.93N/00318.96W'000/000/A=002230 !W55! id06DDD906 +000fpm +0.0rot 50.2dB 0e +0.8kHz gps2x3
FLRDDEE86>APRS,qAS,LELT:/125745h3942.47N/00320.61W'111/069/A=003759 !W02! id06DDEE86 -910fpm +0.0rot 13.5dB 0e -2.6kHz gps1x1
FLRDDE728>APRS,qAS,LELT:/125745h3943.13N/00319.67W'097/088/A=002411 !W40! id0ADDE728 -514fpm +1.0rot 19.0dB 0e -3.0kHz gps1x1
RND0098FB>APRS,qAS,LELT:/125748h3942.61N/00319.52W'193/067/A=004933 !W76! id040098FB +317fpm +4.2rot 9.5dB 0e -6.2kHz gps3x5
FLRDDE728>APRS,qAS,LELT:/125748h3943.11N/00319.57W'108/089/A=002371 !W56! id0ADDE728 -949fpm +1.1rot 22.0dB 0e -3.0kHz gps1x1
RND0098FB>APRS,qAS,LELT:/125749h3942.59N/00319.53W'210/066/A=004940 !W99! id040098FB +475fpm +3.6rot 7.0dB 1e -6.3kHz gps3x5
FLRDDE44C>APRS,qAS,LELT:/125751h3942.94N/00318.96W'000/000/A=002244 !W92! id06DDE44C +000fpm +0.0rot 49.8dB 0e +1.3kHz gps0x1
RND0098FB>APRS,qAS,LELT:/125753h3942.57N/00319.62W'275/051/A=004989 !W24! id040098FB +1049fpm +4.3rot 12.8dB 0e -6.2kHz gps3x5
FLRDDC159>APRS,qAS,LELT:/125753h3942.93N/00318.97W'000/000/A=002230 !W98! id06DDC159 +000fpm +0.0rot 45.5dB 0e -8.4kHz gps2x2
FLRDDEE86>APRS,qAS,LELT:/125754h3942.41N/00320.39W'108/069/A=003624 !W36! id06DDEE86 -1306fpm +0.0rot 10.2dB 0e -2.6kHz gps1x2
FLRDDE728>APRS,qAS,LELT:/125753h3943.06N/00319.42W'115/091/A=002316 !W26! id0ADDE728 -316fpm +0.0rot 14.5dB 0e -3.1kHz gps1x1
RND0098FB>APRS,qAS,LELT:/125757h3942.61N/00319.68W'340/050/A=005032 !W42! id040098FB +1168fpm +5.3rot 18.0dB 0e -6.2kHz gps3x5
FLRDDEC57>APRS,qAS,LELT:/125757h3942.93N/00318.97W'000/000/A=002237 !W61! id06DDEC57 +020fpm +0.0rot 48.0dB 0e -1.6kHz gps1x2
RND0098FB>APRS,qAS,LELT:/125804h3942.68N/00319.56W'097/069/A=005038 !W28! id040098FB -118fpm +3.7rot 3.2dB 5e -6.2kHz gps3x5
LFDT>APRS,TCPIP*,qAC,GLIDERN1:/125825h4313.03NI00004.42E&/A=001099
LFDT>APRS,TCPIP*,qAC,GLIDERN1:>125825h v0.2.6.ARM CPU:0.5 RAM:657.5/890.0MB NTP:0.6ms/+5.7ppm +54.0C 0/0Acfts[1h] RF:+52-4.3ppm/+0.40dB/+2.8dB@10km[721557]
FLRDDD906>APRS,qAS,LELT:/125806h3942.93N/00318.96W'000/000/A=002234 !W56! id06DDD906 +020fpm +0.0rot 50.0dB 0e +0.8kHz gps2x3
FLRDDEE86>APRS,qAS,LELT:/125806h3942.31N/00320.10W'117/076/A=003559 !W51! id06DDEE86 -157fpm +0.2rot 17.8dB 0e -2.6kHz gps1x1
FLRDDE728>APRS,qAS,LELT:/125806h3942.94N/00319.03W'112/086/A=002263 !W27! id0ADDE728 -118fpm +0.0rot 37.5dB 0e -3.0kHz gps1x1
FLRDDEE86>APRS,qAS,LELT:/125810h3942.27N/00320.00W'117/076/A=003549 !W53! id06DDEE86 -276fpm -0.2rot 15.2dB 0e -2.6kHz gps1x1
RND0098FB>APRS,qAS,LELT:/125812h3942.54N/00319.47W'194/067/A=005081 !W68! id040098FB +713fpm +1.8rot 4.2dB 2e -6.3kHz gps3x5 +6.1dBm
FLRDDE44C>APRS,qAS,LELT:/125812h3942.94N/00318.96W'000/000/A=002244 !W92! id06DDE44C +000fpm +0.0rot 49.8dB 0e +1.3kHz gps0x1 +4.1dBm
FLRDDEE86>APRS,qAS,LELT:/125812h3942.25N/00319.95W'117/077/A=003536 !W73! id06DDEE86 -237fpm +0.1rot 11.2dB 0e -2.6kHz gps1x1
FLRDDE728>APRS,qAS,LELT:/125812h3942.89N/00318.86W'104/079/A=002293 !W63! id0ADDE728 +950fpm -0.7rot 29.2dB 0e -3.3kHz gps1x1
FLRDDC159>APRS,qAS,LELT:/125815h3942.93N/00318.97W'000/000/A=002234 !W98! id06DDC159 +000fpm +0.0rot 45.2dB 0e -8.4kHz gps2x2
RND0098FB>APRS,qAS,LELT:/125817h3942.49N/00319.56W'263/054/A=005091 !W02! id040098FB -256fpm +3.1rot 0.2dB 5e -6.3kHz gps3x5
FLRDDEC57>APRS,qAS,LELT:/125817h3942.93N/00318.97W'000/000/A=002240 !W61! id06DDEC57 +020fpm +0.0rot 48.8dB 0e -1.6kHz gps1x2
FLRDDE728>APRS,qAS,LELT:/125817h3942.88N/00318.72W'090/076/A=002368 !W71! id0ADDE728 +990fpm -1.0rot 24.5dB 0e -3.2kHz gps1x1
