0 info it worked if it ends with ok
1 verbose cli [ '/usr/bin/node', '/usr/bin/npm', 'install', 'xmldom' ]
2 info using npm@3.5.2
3 info using node@v8.10.0
4 silly loadCurrentTree Starting
5 silly install loadCurrentTree
6 silly install readLocalPackageData
7 silly fetchPackageMetaData xmldom
8 silly fetchNamedPackageData xmldom
9 silly mapToRegistry name xmldom
10 silly mapToRegistry using default registry
11 silly mapToRegistry registry https://registry.npmjs.org/
12 silly mapToRegistry uri https://registry.npmjs.org/xmldom
13 verbose request uri https://registry.npmjs.org/xmldom
14 verbose request no auth needed
15 info attempt registry request try #1 at 12:11:54 AM
16 verbose request id b16899c4c650419b
17 verbose etag W/"cf272e7104c0280d193e81061dda57ab"
18 verbose lastModified Thu, 28 Jun 2018 07:02:10 GMT
19 http request GET https://registry.npmjs.org/xmldom
20 http 304 https://registry.npmjs.org/xmldom
21 verbose headers { date: 'Fri, 28 Dec 2018 23:11:54 GMT',
21 verbose headers   connection: 'keep-alive',
21 verbose headers   'set-cookie':
21 verbose headers    [ '__cfduid=de71e036f41b532999165948d732bfc501546038714; expires=Sat, 28-Dec-19 23:11:54 GMT; path=/; domain=.registry.npmjs.org; HttpOnly' ],
21 verbose headers   'cf-cache-status': 'HIT',
21 verbose headers   'cache-control': 'max-age=300',
21 verbose headers   'cf-ray': '4907b56f8e32c66d-MAD',
21 verbose headers   etag: '"cf272e7104c0280d193e81061dda57ab"',
21 verbose headers   'expect-ct': 'max-age=604800, report-uri="https://report-uri.cloudflare.com/cdn-cgi/beacon/expect-ct"',
21 verbose headers   'last-modified': 'Thu, 28 Jun 2018 07:02:10 GMT',
21 verbose headers   vary: 'accept-encoding, accept',
21 verbose headers   server: 'cloudflare' }
22 silly get cb [ 304,
22 silly get   { date: 'Fri, 28 Dec 2018 23:11:54 GMT',
22 silly get     connection: 'keep-alive',
22 silly get     'set-cookie':
22 silly get      [ '__cfduid=de71e036f41b532999165948d732bfc501546038714; expires=Sat, 28-Dec-19 23:11:54 GMT; path=/; domain=.registry.npmjs.org; HttpOnly' ],
22 silly get     'cf-cache-status': 'HIT',
22 silly get     'cache-control': 'max-age=300',
22 silly get     'cf-ray': '4907b56f8e32c66d-MAD',
22 silly get     etag: '"cf272e7104c0280d193e81061dda57ab"',
22 silly get     'expect-ct': 'max-age=604800, report-uri="https://report-uri.cloudflare.com/cdn-cgi/beacon/expect-ct"',
22 silly get     'last-modified': 'Thu, 28 Jun 2018 07:02:10 GMT',
22 silly get     vary: 'accept-encoding, accept',
22 silly get     server: 'cloudflare' } ]
23 verbose etag https://registry.npmjs.org/xmldom from cache
24 verbose get saving xmldom to /home/angel/.npm/registry.npmjs.org/xmldom/.cache.json
25 silly install normalizeTree
26 silly loadCurrentTree Finishing
27 silly loadIdealTree Starting
28 silly install loadIdealTree
29 silly cloneCurrentTree Starting
30 silly install cloneCurrentTreeToIdealTree
31 silly cloneCurrentTree Finishing
32 silly loadShrinkwrap Starting
33 silly install loadShrinkwrap
34 silly loadShrinkwrap Finishing
35 silly loadAllDepsIntoIdealTree Starting
36 silly install loadAllDepsIntoIdealTree
37 silly resolveWithNewModule xmldom@0.1.27 checking installable status
38 silly cache add args [ 'xmldom', null ]
39 verbose cache add spec xmldom
40 silly cache add parsed spec Result {
40 silly cache add   raw: 'xmldom',
40 silly cache add   scope: null,
40 silly cache add   name: 'xmldom',
40 silly cache add   rawSpec: '',
40 silly cache add   spec: 'latest',
40 silly cache add   type: 'tag' }
41 silly addNamed xmldom@latest
42 verbose addNamed "latest" is being treated as a dist-tag for xmldom
43 info addNameTag [ 'xmldom', 'latest' ]
44 silly mapToRegistry name xmldom
45 silly mapToRegistry using default registry
46 silly mapToRegistry registry https://registry.npmjs.org/
47 silly mapToRegistry uri https://registry.npmjs.org/xmldom
48 verbose addNameTag registry:https://registry.npmjs.org/xmldom not in flight; fetching
49 verbose get https://registry.npmjs.org/xmldom not expired, no request
50 silly addNameTag next cb for xmldom with tag latest
51 silly addNamed xmldom@0.1.27
52 verbose addNamed "0.1.27" is a plain semver version for xmldom
53 silly cache afterAdd xmldom@0.1.27
54 verbose afterAdd /home/angel/.npm/xmldom/0.1.27/package/package.json not in flight; writing
55 verbose afterAdd /home/angel/.npm/xmldom/0.1.27/package/package.json written
56 silly loadAllDepsIntoIdealTree Finishing
57 silly idealTree:prePrune src
57 silly idealTree:prePrune └── xmldom@0.1.27
58 silly loadIdealTree Finishing
59 silly currentTree src
60 silly idealTree src
60 silly idealTree └── xmldom@0.1.27
61 silly generateActionsToTake Starting
62 silly install generateActionsToTake
63 silly generateActionsToTake Finishing
64 silly diffTrees action count 1
65 silly diffTrees add xmldom@0.1.27
66 silly decomposeActions action count 8
67 silly decomposeActions fetch xmldom@0.1.27
68 silly decomposeActions extract xmldom@0.1.27
69 silly decomposeActions test xmldom@0.1.27
70 silly decomposeActions preinstall xmldom@0.1.27
71 silly decomposeActions build xmldom@0.1.27
72 silly decomposeActions install xmldom@0.1.27
73 silly decomposeActions postinstall xmldom@0.1.27
74 silly decomposeActions finalize xmldom@0.1.27
75 silly executeActions Starting
76 silly install executeActions
77 silly doSerial global-install 0
78 silly doParallel fetch 1
79 verbose lock using /home/angel/.npm/_locks/staging-59de1911d5bbc3dd.lock for /nfs/OGN/src/node_modules/.staging
80 silly doParallel extract 1
81 silly extract xmldom@0.1.27
82 verbose unbuild node_modules/.staging/xmldom-28da8779
83 silly gentlyRm /nfs/OGN/src/node_modules/.staging/xmldom-28da8779 is being purged from base /nfs/OGN/src
84 verbose gentlyRm don't care about contents; nuking /nfs/OGN/src/node_modules/.staging/xmldom-28da8779
85 verbose tar unpack /home/angel/.npm/xmldom/0.1.27/package.tgz
86 verbose tar unpacking to /nfs/OGN/src/node_modules/.staging/xmldom-28da8779
87 silly gentlyRm /nfs/OGN/src/node_modules/.staging/xmldom-28da8779 is being purged
88 verbose gentlyRm don't care about contents; nuking /nfs/OGN/src/node_modules/.staging/xmldom-28da8779
89 silly gunzTarPerm modes [ '755', '644' ]
90 silly gunzTarPerm extractEntry package.json
91 silly gunzTarPerm extractEntry .npmignore
92 silly gunzTarPerm extractEntry LICENSE
93 error tar.unpack untar error /home/angel/.npm/xmldom/0.1.27/package.tgz
94 verbose unlock done using /home/angel/.npm/_locks/staging-59de1911d5bbc3dd.lock for /nfs/OGN/src/node_modules/.staging
95 silly rollbackFailedOptional Starting
96 silly rollbackFailedOptional Finishing
97 silly runTopLevelLifecycles Starting
98 silly runTopLevelLifecycles Finishing
99 silly install printInstalled
100 warn enoent ENOENT: no such file or directory, open '/nfs/OGN/src/package.json'
101 warn src No description
102 warn src No repository field.
103 warn src No README data
104 warn src No license field.
105 verbose fstream_path /nfs/OGN/src/node_modules/.staging/xmldom-28da8779/package.json
106 verbose fstream_type File
107 verbose fstream_class FileWriter
108 verbose fstream_finish_call chown
109 verbose stack Error: EPERM: operation not permitted, chown '/nfs/OGN/src/node_modules/.staging/xmldom-28da8779/package.json'
110 verbose fstream_stack /usr/share/npm/node_modules/fstream/lib/writer.js:306:21
110 verbose fstream_stack /usr/share/npm/node_modules/graceful-fs/polyfills.js:210:7
110 verbose fstream_stack FSReqWrap.oncomplete (fs.js:135:15)
111 verbose cwd /nfs/OGN/src
112 error Linux 4.15.0-43-generic
113 error argv "/usr/bin/node" "/usr/bin/npm" "install" "xmldom"
114 error node v8.10.0
115 error npm  v3.5.2
116 error path /nfs/OGN/src/node_modules/.staging/xmldom-28da8779/package.json
117 error code EPERM
118 error errno -1
119 error syscall chown
120 error Error: EPERM: operation not permitted, chown '/nfs/OGN/src/node_modules/.staging/xmldom-28da8779/package.json'
120 error  { Error: EPERM: operation not permitted, chown '/nfs/OGN/src/node_modules/.staging/xmldom-28da8779/package.json'
120 error   errno: -1,
120 error   code: 'EPERM',
120 error   syscall: 'chown',
120 error   path: '/nfs/OGN/src/node_modules/.staging/xmldom-28da8779/package.json',
120 error   fstream_finish_call: 'chown',
120 error   fstream_type: 'File',
120 error   fstream_path: '/nfs/OGN/src/node_modules/.staging/xmldom-28da8779/package.json',
120 error   fstream_class: 'FileWriter',
120 error   fstream_stack:
120 error    [ '/usr/share/npm/node_modules/fstream/lib/writer.js:306:21',
120 error      '/usr/share/npm/node_modules/graceful-fs/polyfills.js:210:7',
120 error      'FSReqWrap.oncomplete (fs.js:135:15)' ] }
121 error Please try running this command again as root/Administrator.
122 verbose exit [ -1, true ]
