                                                             ShapeLib                                                      rtree     libcurl
configure:2460: checking for a BSD-compatible install
configure:2528: result: /usr/bin/install -c
configure:2539: checking whether build environment is sane
configure:2594: result: yes
configure:2745: checking for a thread-safe mkdir -p
configure:2784: result: /bin/mkdir -p
configure:2791: checking for gawk
configure:2821: result: no
configure:2791: checking for mawk
configure:2818: result: mawk
configure:2829: checking whether make sets $(MAKE)
configure:2851: result: yes
configure:2960: checking build system type
configure:2974: result: armv7l-unknown-linux-gnueabihf
configure:2994: checking host system type
configure:3007: result: armv7l-unknown-linux-gnueabihf
configure:3042: checking for style of include used by make
configure:3070: result: GNU
configure:3141: checking for gcc
configure:3168: result: gcc
configure:3397: checking for C compiler version
gcc version 4.6.3 (Debian 4.6.3-14+rpi1) 
configure:3437: checking whether the C compiler works
configure:3511: result: yes
configure:3514: checking for C compiler default output file name
configure:3516: result: a.out
configure:3522: checking for suffix of executables
configure:3555: result: 
configure:3577: checking whether we are cross compiling
configure:3615: result: no
configure:3620: checking for suffix of object files
configure:3667: result: o
configure:3671: checking whether we are using the GNU C compiler
configure:3699: result: yes
configure:3708: checking whether gcc accepts -g
configure:3769: result: yes
configure:3786: checking for gcc option to accept ISO C89
configure:3862: result: none needed
configure:3884: checking dependency style of gcc
configure:3995: result: gcc3
configure:4016: checking how to run the C preprocessor
configure:4086: result: gcc -E
configure:4149: checking for grep that handles long lines and -e
configure:4207: result: /bin/grep
configure:4212: checking for egrep
configure:4274: result: /bin/grep -E
configure:4279: checking for ANSI C header files
configure:4383: result: yes
configure:4396: checking for sys/types.h
configure:4396: result: yes
configure:4396: checking for sys/stat.h
configure:4396: result: yes
configure:4396: checking for stdlib.h
configure:4396: result: yes
configure:4396: checking for string.h
configure:4396: result: yes
configure:4396: checking for memory.h
configure:4396: result: yes
configure:4396: checking for strings.h
configure:4396: result: yes
configure:4396: checking for inttypes.h
configure:4396: result: yes
configure:4396: checking for stdint.h
configure:4396: result: yes
configure:4396: checking for unistd.h
configure:4396: result: yes
configure:4409: checking minix/config.h usability
configure:4409: result: no
configure:4409: checking minix/config.h presence
configure:4409: result: no
configure:4409: checking for minix/config.h
configure:4409: result: no
configure:4430: checking whether it is safe to define __EXTENSIONS__
configure:4455: result: yes
configure:4520: checking for gcc
configure:4547: result: gcc
configure:4776: checking for C compiler version
gcc version 4.6.3 (Debian 4.6.3-14+rpi1) 
configure:4800: checking whether we are using the GNU C compiler
configure:4828: result: yes
configure:4837: checking whether gcc accepts -g
configure:4898: result: yes
configure:4915: checking for gcc option to accept ISO C89
configure:4991: result: none needed
configure:5013: checking dependency style of gcc
configure:5124: result: gcc3
configure:5144: checking how to run the C preprocessor
configure:5214: result: gcc -E
configure:5277: checking whether ln -s works
configure:5281: result: yes
configure:5288: checking whether make sets $(MAKE)
configure:5310: result: yes
configure:5323: checking for gawk
configure:5350: result: mawk
configure:5404: checking for ranlib
configure:5431: result: ranlib
configure:5457: checking for devices
configure:5486: result: found none and none
configure:5492: checking for search paths
configure:5503: result: done
configure:5626: checking for the pthreads library -lpthreads
configure:5668: result: no
configure:5615: checking whether pthreads work without any flags
configure:5668: result: no
configure:5620: checking whether pthreads work with -Kthread
configure:5668: result: no
configure:5620: checking whether pthreads work with -kthread
configure:5668: result: no
configure:5626: checking for the pthreads library -llthread
configure:5668: result: no
configure:5620: checking whether pthreads work with -pthread
configure:5668: result: yes
configure:5688: checking for joinable pthread attribute
configure:5733: result: PTHREAD_CREATE_JOINABLE
configure:5740: checking if more special flags are required for pthreads
configure:5747: result: no
configure:5759: checking for cc_r
configure:5787: result: gcc
configure:5864: checking whether compiler accepts -Wno-unused-parameter
configure:5880: result: yes
configure:5894: checking for compiler flags
configure:5896: result: using -g -O2 -pipe -W -Wall -Wpointer-arith -Wstrict-prototypes -Wno-unused-parameter -pthread
configure:5902: checking for system
configure:5949: result: Linux
configure:6027: checking for gm
configure:6058: result: no
configure:6066: checking for /usr/bin/gm.exe
configure:6079: result: no
configure:6099: checking for convert
configure:6130: result: no
configure:6138: checking for /usr/bin/convert.exe
configure:6151: result: no
configure:6174: checking for lpr
configure:6205: result: /usr/bin/lpr
configure:6229: checking for gv
configure:6260: result: no
configure:6340: checking for festival
configure:6371: result: no
configure:6391: checking for gpsman
configure:6422: result: no
configure:6487: checking for X
configure:6676: result: libraries , headers 
configure:6873: checking for gethostbyname
configure:6873: result: yes
configure:6970: checking for connect
configure:6970: result: yes
configure:7019: checking for remove
configure:7019: result: yes
configure:7068: checking for shmat
configure:7068: result: yes
configure:7126: checking for IceConnectionNumber in -lICE
configure:7160: result: yes
configure:7178: checking for library containing tan
configure:7226: result: -lm
configure:7234: checking for XextAddDisplay in -lXext
configure:7268: result: yes
configure:7285: checking for XpGetDocumentData in -lXp
configure:7319: result: yes
configure:7330: checking for XtDisplay in -lXt
configure:7364: result: yes
configure:7375: checking for XmTextFindString in -lXm
configure:7409: result: yes
configure:7436: checking for sed
configure:7467: result: /bin/sed
configure:7494: checking for mv
configure:7525: result: /bin/mv
configure:7552: checking for xfontsel
configure:7583: result: /usr/bin/xfontsel
configure:7613: checking curl/curl.h usability
configure:7613: result: yes
configure:7613: checking curl/curl.h presence
configure:7613: result: yes
configure:7613: checking for curl/curl.h
configure:7613: result: yes
configure:7633: checking for curl_global_init in -lcurl
configure:7667: result: yes
configure:7774: checking for main in -lcompat
configure:7802: result: no
configure:7811: checking for sched_yield in -lrt
configure:7845: result: yes
configure:7853: checking whether byte ordering is bigendian
configure:8059: result: no
configure:8120: checking for Motif headers
configure:8130: result: in default path
configure:8190: checking for Motif libraries
configure:8215: result: in default path
configure:8291: checking for size_t
configure:8291: result: yes
configure:8304: checking for working alloca.h
configure:8329: result: yes
configure:8337: checking for alloca
configure:8382: result: yes
configure:8491: checking for dirent.h that defines DIR
configure:8518: result: yes
configure:8531: checking for library containing opendir
configure:8579: result: none required
configure:8646: checking for ANSI C header files
configure:8750: result: yes
configure:8758: checking for sys/wait.h that is POSIX.1 compatible
configure:8791: result: yes
configure:8802: checking argz.h usability
configure:8802: result: yes
configure:8802: checking argz.h presence
configure:8802: result: yes
configure:8802: checking for argz.h
configure:8802: result: yes
configure:8802: checking arpa/inet.h usability
configure:8802: result: yes
configure:8802: checking arpa/inet.h presence
configure:8802: result: yes
configure:8802: checking for arpa/inet.h
configure:8802: result: yes
configure:8802: checking fcntl.h usability
configure:8802: result: yes
configure:8802: checking fcntl.h presence
configure:8802: result: yes
configure:8802: checking for fcntl.h
configure:8802: result: yes
configure:8802: checking libintl.h usability
configure:8802: result: yes
configure:8802: checking libintl.h presence
configure:8802: result: yes
configure:8802: checking for libintl.h
configure:8802: result: yes
configure:8802: checking limits.h usability
configure:8802: result: yes
configure:8802: checking limits.h presence
configure:8802: result: yes
configure:8802: checking for limits.h
configure:8802: result: yes
configure:8802: checking locale.h usability
configure:8802: result: yes
configure:8802: checking locale.h presence
configure:8802: result: yes
configure:8802: checking for locale.h
configure:8802: result: yes
configure:8802: checking malloc.h usability
configure:8802: result: yes
configure:8802: checking malloc.h presence
configure:8802: result: yes
configure:8802: checking for malloc.h
configure:8802: result: yes
configure:8802: checking math.h usability
configure:8802: result: yes
configure:8802: checking math.h presence
configure:8802: result: yes
configure:8802: checking for math.h
configure:8802: result: yes
configure:8802: checking netdb.h usability
configure:8802: result: yes
configure:8802: checking netdb.h presence
configure:8802: result: yes
configure:8802: checking for netdb.h
configure:8802: result: yes
configure:8815: checking netinet/in.h usability
configure:8815: result: yes
configure:8815: checking netinet/in.h presence
configure:8815: result: yes
configure:8815: checking for netinet/in.h
configure:8815: result: yes
configure:8815: checking nl_types.h usability
configure:8815: result: yes
configure:8815: checking nl_types.h presence
configure:8815: result: yes
configure:8815: checking for nl_types.h
configure:8815: result: yes
configure:8815: checking stdarg.h usability
configure:8815: result: yes
configure:8815: checking stdarg.h presence
configure:8815: result: yes
configure:8815: checking for stdarg.h
configure:8815: result: yes
configure:8815: checking stddef.h usability
configure:8815: result: yes
configure:8815: checking stddef.h presence
configure:8815: result: yes
configure:8815: checking for stddef.h
configure:8815: result: yes
configure:8815: checking for stdlib.h
configure:8815: result: yes
configure:8815: checking for string.h
configure:8815: result: yes
configure:8815: checking for strings.h
configure:8815: result: yes
configure:8828: checking sys/file.h usability
configure:8828: result: yes
configure:8828: checking sys/file.h presence
configure:8828: result: yes
configure:8828: checking for sys/file.h
configure:8828: result: yes
configure:8828: checking sys/ioctl.h usability
configure:8828: result: yes
configure:8828: checking sys/ioctl.h presence
configure:8828: result: yes
configure:8828: checking for sys/ioctl.h
configure:8828: result: yes
configure:8828: checking sys/param.h usability
configure:8828: result: yes
configure:8828: checking sys/param.h presence
configure:8828: result: yes
configure:8828: checking for sys/param.h
configure:8828: result: yes
configure:8828: checking sys/socket.h usability
configure:8828: result: yes
configure:8828: checking sys/socket.h presence
configure:8828: result: yes
configure:8828: checking for sys/socket.h
configure:8828: result: yes
configure:8828: checking sys/time.h usability
configure:8828: result: yes
configure:8828: checking sys/time.h presence
configure:8828: result: yes
configure:8828: checking for sys/time.h
configure:8828: result: yes
configure:8828: checking signal.h usability
configure:8828: result: yes
configure:8828: checking signal.h presence
configure:8828: result: yes
configure:8828: checking for signal.h
configure:8828: result: yes
configure:8841: checking termios.h usability
configure:8841: result: yes
configure:8841: checking termios.h presence
configure:8841: result: yes
configure:8841: checking for termios.h
configure:8841: result: yes
configure:8841: checking for unistd.h
configure:8841: result: yes
configure:8854: checking for an ANSI C-conforming const
configure:8927: result: yes
configure:8935: checking for uid_t in sys/types.h
configure:8954: result: yes
configure:8965: checking for inline
configure:8989: result: inline
configure:9007: checking for pid_t
configure:9007: result: yes
configure:9018: checking for size_t
configure:9018: result: yes
configure:9029: checking whether time.h and sys/time.h may both be included
configure:9056: result: yes
configure:9065: checking return type of signal handlers
configure:9090: result: void
configure:9098: checking whether struct tm is in sys/time.h or time.h
configure:9125: result: time.h
configure:9133: checking for struct tm.tm_zone
configure:9133: result: yes
configure:9202: checking for socklen_t
configure:9202: result: yes
configure:9216: checking for sighandler_t
configure:9216: result: yes
configure:9227: checking for sig_t
configure:9227: result: yes
configure:9240: checking for sigjmp_buf
configure:9240: result: yes
configure:9257: checking for gmtoff in struct tm
configure:9280: result: yes
configure:9290: checking vfork.h usability
configure:9290: result: no
configure:9290: checking vfork.h presence
configure:9290: result: no
configure:9290: checking for vfork.h
configure:9290: result: no
configure:9303: checking for fork
configure:9303: result: yes
configure:9303: checking for vfork
configure:9303: result: yes
configure:9313: checking for working fork
configure:9345: result: yes
configure:9366: checking for working vfork
configure:9476: result: yes
configure:9502: checking whether gcc needs -traditional
configure:9536: result: no
configure:9543: checking whether getpgrp requires zero arguments
configure:9568: result: yes
configure:9578: checking for stdlib.h
configure:9578: result: yes
configure:9588: checking for GNU libc compatible malloc
configure:9622: result: yes
configure:9649: checking for sys/time.h
configure:9649: result: yes
configure:9649: checking for unistd.h
configure:9649: result: yes
configure:9649: checking for stdlib.h
configure:9649: result: yes
configure:9649: checking for sys/param.h
configure:9649: result: yes
configure:9670: checking for alarm
configure:9670: result: yes
configure:9683: checking for working mktime
configure:9895: result: yes
configure:9913: checking for getpagesize
configure:9913: result: yes
configure:9922: checking for working mmap
configure:10079: result: yes
configure:10088: checking whether lstat correctly handles trailing slash
configure:10131: result: yes
configure:10150: checking whether stat accepts an empty string
configure:10180: result: no
configure:10198: checking for strftime
configure:10198: result: yes
configure:10251: checking for working strtod
configure:10302: result: yes
configure:10367: checking for __argz_count
configure:10367: result: yes
configure:10367: checking for __argz_next
configure:10367: result: yes
configure:10367: checking for __argz_stringify
configure:10367: result: yes
configure:10367: checking for alarm
configure:10367: result: yes
configure:10367: checking for dcgettext
configure:10367: result: yes
configure:10379: checking for getcwd
configure:10379: result: yes
configure:10379: checking for getpgrp
configure:10379: result: yes
configure:10379: checking for gethostbyname
configure:10379: result: yes
configure:10379: checking for gethostname
configure:10379: result: yes
configure:10379: checking for gettimeofday
configure:10379: result: yes
configure:10391: checking for getwd
configure:10391: result: yes
configure:10391: checking for inet_ntoa
configure:10391: result: yes
configure:10391: checking for memmove
configure:10391: result: yes
configure:10391: checking for mempcpy
configure:10391: result: yes
configure:10391: checking for memset
configure:10391: result: yes
configure:10391: checking for mkdir
configure:10391: result: yes
configure:10391: checking for munmap
configure:10391: result: yes
configure:10391: checking for pow
configure:10391: result: yes
configure:10403: checking for putenv
configure:10403: result: yes
configure:10403: checking for select
configure:10403: result: yes
configure:10403: checking for setenv
configure:10403: result: yes
configure:10403: checking for setlocale
configure:10403: result: yes
configure:10403: checking for settimeofday
configure:10403: result: yes
configure:10403: checking for signal
configure:10403: result: yes
configure:10403: checking for sigignore
configure:10403: result: yes
configure:10415: checking for snprintf
configure:10415: result: yes
configure:10415: checking for socket
configure:10415: result: yes
configure:10415: checking for sqrt
configure:10415: result: yes
configure:10415: checking for stpcpy
configure:10415: result: yes
configure:10415: checking for strcasecmp
configure:10415: result: yes
configure:10415: checking for strchr
configure:10415: result: yes
configure:10415: checking for strdup
configure:10415: result: yes
configure:10427: checking for strerror
configure:10427: result: yes
configure:10427: checking for strncasecmp
configure:10427: result: yes
configure:10427: checking for strpbrk
configure:10427: result: yes
configure:10427: checking for strptime
configure:10427: result: yes
configure:10427: checking for strrchr
configure:10427: result: yes
configure:10427: checking for strstr
configure:10427: result: yes
configure:10439: checking for strtof
configure:10439: result: yes
configure:10439: checking for strtol
configure:10439: result: yes
configure:10439: checking for strtoul
configure:10439: result: yes
configure:10439: checking for tzset
configure:10439: result: yes
configure:10439: checking for vsnprintf
configure:10439: result: yes
configure:10453: checking for pthread_mutexattr_setkind_np
configure:10453: result: yes
configure:10453: checking for pthread_mutexattr_settype
configure:10453: result: yes
configure:10466: checking for strndup
configure:10466: result: yes
configure:10479: checking for roundf
configure:10479: result: yes
configure:10491: checking for gettext in -lintl
configure:10525: result: no
configure:10543: checking for pj_init in -lproj
configure:10577: result: no
configure:10630: checking shapefil.h usability
configure:10630: result: no
configure:10630: checking shapefil.h presence
configure:10630: result: no
configure:10630: checking for shapefil.h
configure:10630: result: no
configure:10630: checking libshp/shapefil.h usability
configure:10630: result: no
configure:10630: checking libshp/shapefil.h presence
configure:10630: result: no
configure:10630: checking for libshp/shapefil.h
configure:10630: result: no
configure:10776: checking pcre.h usability
configure:10776: result: no
configure:10776: checking pcre.h presence
configure:10776: result: no
configure:10776: checking for pcre.h
configure:10776: result: no
configure:10776: checking pcre/pcre.h usability
configure:10776: result: no
configure:10776: checking pcre/pcre.h presence
configure:10776: result: no
configure:10776: checking for pcre/pcre.h
configure:10776: result: no
configure:10837: checking X11/xpm.h usability
configure:10837: result: no
configure:10837: checking X11/xpm.h presence
configure:10837: result: no
configure:10837: checking for X11/xpm.h
configure:10837: result: no
configure:10906: checking Xm/XpmI.h usability
configure:10906: result: no
configure:10906: checking Xm/XpmI.h presence
configure:10906: result: no
configure:10906: checking for Xm/XpmI.h
configure:10906: result: no
configure:11518: checking netax25/ax25.h usability
configure:11518: result: yes
configure:11518: checking netax25/ax25.h presence
configure:11518: result: yes
configure:11518: checking for netax25/ax25.h
configure:11518: result: yes
configure:11523: checking for ax25_config_load_ports in -lax25
configure:11557: result: no
configure:11615: checking for gdal-config
configure:11643: result: no
configure:11730: checking gdal.h usability
configure:11730: result: no
configure:11730: checking gdal.h presence
configure:11730: result: no
configure:11730: checking for gdal.h
configure:11730: result: no
configure:11997: checking if db.h is exists and is usable
configure:12112: result: no
configure:12163: checking for GraphicsMagick-config
configure:12194: result: no
configure:12339: checking for Magick-config
configure:12370: result: no
configure:12906: checking that generated files are newer than configure
configure:12912: result: done
