INFO:root:    2016-07-15 18:21:32.817944 Dumping the OGN database User=pi at SWserver
INFO:root:    2016-07-15 18:21:32.819007 Opening the database OGN.db 
INFO:root:    2016-07-15 18:21:32.882688 Dump stations: 
INFO:root:    2016-07-15 18:21:32.931842 Dump station with names: 
INFO:root:    2016-07-15 18:21:33.013125 Dump receivers: 
INFO:root:    2016-07-15 18:21:33.027966 Dump OGNdata: 
INFO:root:    2016-07-15 18:28:43.124430 Dumping the OGN database User=pi at SWserver
INFO:root:    2016-07-15 18:28:43.125311 Opening the MySQL database OGNDB on ubuntu
INFO:root:    2016-07-15 18:28:43.220924 Dump stations: 
INFO:root:    2016-07-15 18:28:43.254485 Dump station with names: 
INFO:root:    2016-07-15 18:28:43.491897 Dump receivers: 
INFO:root:    2016-07-15 18:28:43.504048 Dump OGNdata: 
INFO:root:    2016-07-15 18:37:30.888212 Dumping the OGN database User=pi at SWserver
INFO:root:    2016-07-15 18:37:30.889203 Opening the MySQL database OGNDB on ubuntu
INFO:root:    2016-07-15 18:37:30.977188 Dump stations: 
INFO:root:    2016-07-15 18:37:31.010558 Dump station with names: 
INFO:root:    2016-07-15 18:37:31.141810 Dump receivers: 
INFO:root:    2016-07-15 18:37:31.160580 Dump OGNdata1: 
INFO:root:    2016-07-15 18:43:36.793036 Dumping the OGN database User=pi at SWserver
INFO:root:    2016-07-15 18:43:36.793909 Opening the MySQL database OGNDB on ubuntu
INFO:root:    2016-07-15 18:43:36.848370 Dump stations: 
INFO:root:    2016-07-15 18:43:36.890876 Dump station with names: 
INFO:root:    2016-07-15 18:43:37.008949 Dump receivers: 
INFO:root:    2016-07-15 18:43:37.022183 Dump OGNdata1: 
INFO:root:    2016-07-15 18:46:32.662264 Dumping the OGN database User=pi at SWserver
INFO:root:    2016-07-15 18:46:32.663131 Opening the MySQL database OGNDB on ubuntu
INFO:root:    2016-07-15 18:46:32.737280 Dump stations: 
INFO:root:    2016-07-15 18:46:32.768224 Dump station with names: 
INFO:root:    2016-07-15 18:46:32.861963 Dump receivers: 
INFO:root:    2016-07-15 18:46:32.875348 Dump OGNdata0: 
INFO:root:    2016-07-15 18:46:32.876134 Dump OGNdata1: 
INFO:root:    2016-07-15 18:48:54.714788 Dumping the OGN database User=pi at SWserver
INFO:root:    2016-07-15 18:48:54.715666 Opening the MySQL database OGNDB on ubuntu
INFO:root:    2016-07-15 18:48:54.798145 Dump stations: 
INFO:root:    2016-07-15 18:48:54.831057 Dump station with names: 
INFO:root:    2016-07-15 18:48:54.982865 Dump receivers: 
INFO:root:    2016-07-15 18:48:55.006116 Dump OGNdata0: 
INFO:root:    2016-07-15 18:50:25.709780 Dumping the OGN database User=pi at SWserver
INFO:root:    2016-07-15 18:50:25.710668 Opening the database OGN.db 
INFO:root:    2016-07-15 18:50:25.844167 Dump stations: 
