--2018-04-09 23:30:02--  http://www.flarmnet.org/files/data.fln
Resolving www.flarmnet.org (www.flarmnet.org)... 109.237.140.38
Connecting to www.flarmnet.org (www.flarmnet.org)|109.237.140.38|:80... connected.
HTTP request sent, awaiting response... 200 OK
Length: 1491267 (1.4M)
Saving to: ‘data.fln’

     0K .......... .......... .......... .......... ..........  3% 6.04M 0s
    50K .......... .......... .......... .......... ..........  6%  910K 1s
   100K .......... .......... .......... .......... .......... 10% 21.3M 1s
   150K .......... .......... .......... .......... .......... 13% 33.9M 0s
   200K .......... .......... .......... .......... .......... 17%  946K 1s
   250K .......... .......... .......... .......... .......... 20% 20.9M 0s
   300K .......... .......... .......... .......... .......... 24% 41.4M 0s
   350K .......... .......... .......... .......... .......... 27% 42.4M 0s
   400K .......... .......... .......... .......... .......... 30%  999K 0s
   450K .......... .......... .......... .......... .......... 34% 13.9M 0s
   500K .......... .......... .......... .......... .......... 37% 35.7M 0s
   550K .......... .......... .......... .......... .......... 41% 39.9M 0s
   600K .......... .......... .......... .......... .......... 44% 38.8M 0s
   650K .......... .......... .......... .......... .......... 48% 34.7M 0s
   700K .......... .......... .......... .......... .......... 51% 40.8M 0s
   750K .......... .......... .......... .......... .......... 54% 40.6M 0s
   800K .......... .......... .......... .......... .......... 58% 32.7M 0s
   850K .......... .......... .......... .......... .......... 61% 1.14M 0s
   900K .......... .......... .......... .......... .......... 65% 14.4M 0s
   950K .......... .......... .......... .......... .......... 68% 35.1M 0s
  1000K .......... .......... .......... .......... .......... 72% 30.9M 0s
  1050K .......... .......... .......... .......... .......... 75% 35.8M 0s
  1100K .......... .......... .......... .......... .......... 78% 30.9M 0s
  1150K .......... .......... .......... .......... .......... 82% 36.4M 0s
  1200K .......... .......... .......... .......... .......... 85% 36.6M 0s
  1250K .......... .......... .......... .......... .......... 89% 36.9M 0s
  1300K .......... .......... .......... .......... .......... 92% 31.6M 0s
  1350K .......... .......... .......... .......... .......... 96% 36.2M 0s
  1400K .......... .......... .......... .......... .......... 99% 36.6M 0s
  1450K ......                                                100% 27.2M=0.2s

2018-04-09 23:30:03 (5.75 MB/s) - ‘data.fln’ saved [1491267/1491267]

