--2017-11-13 23:30:04--  http://ddb.glidernet.org/download
Resolving ddb.glidernet.org (ddb.glidernet.org)... 37.187.244.41, 2001:41d0:52:500::6f7
Connecting to ddb.glidernet.org (ddb.glidernet.org)|37.187.244.41|:80... connected.
HTTP request sent, awaiting response... 301 Moved Permanently
Location: http://ddb.glidernet.org/download/ [following]
--2017-11-13 23:30:05--  http://ddb.glidernet.org/download/
Reusing existing connection to ddb.glidernet.org:80.
HTTP request sent, awaiting response... 200 OK
Length: unspecified [text/plain]
Saving to: ‘download’

     0K .......... .......... .......... .......... .......... 9.89M
    50K .......... .......... .......... .......... .......... 16.7M
   100K .......... .......... .......... .......... .......... 36.7M
   150K .......... .......... .......... .......... .......... 34.8M
   200K .......... .......... .......... .......... .......... 40.1M
   250K .......... .......... .......... .......... .......... 40.4M
   300K .......... .......... .......... .......... .......... 41.4M
   350K .......... .......... .......... .......... .......... 34.9M
   400K .......... .......... .......... .......... .......... 37.6M
   450K .......... ...                                         57.9M=0.02s

2017-11-13 23:30:06 (26.4 MB/s) - ‘download’ saved [474377]

