This file contains any messages produced by compilers while
running configure, to aid debugging if configure makes a mistake.

It was created by configure, which was
generated by GNU Autoconf 2.67.  Invocation command line was

  $ ./configure 

## --------- ##
## Platform. ##
## --------- ##

hostname = SAROGN
uname -m = x86_64
uname -r = 4.4.0-89-generic
uname -s = Linux
uname -v = #112-Ubuntu SMP Mon Jul 31 19:38:41 UTC 2017

/usr/bin/uname -p = unknown
/bin/uname -X     = unknown

/bin/arch              = unknown
/usr/bin/arch -k       = unknown
/usr/convex/getsysinfo = unknown
/usr/bin/hostinfo      = unknown
/bin/machine           = unknown
/usr/bin/oslevel       = unknown
/bin/universe          = unknown

PATH: /home/ubuntu/bin
PATH: /home/ubuntu/.local/bin
PATH: /usr/local/sbin
PATH: /usr/local/bin
PATH: /usr/sbin
PATH: /usr/bin
PATH: /sbin
PATH: /bin
PATH: /usr/games
PATH: /usr/local/games
PATH: /snap/bin


## ----------- ##
## Core tests. ##
## ----------- ##

configure:2376: checking for a BSD-compatible install
configure:2444: result: /usr/bin/install -c
configure:2455: checking whether build environment is sane
configure:2505: result: yes
configure:2646: checking for a thread-safe mkdir -p
configure:2685: result: /bin/mkdir -p
configure:2698: checking for gawk
configure:2714: found /usr/bin/gawk
configure:2725: result: gawk
configure:2736: checking whether make sets $(MAKE)
configure:2758: result: yes
configure:2872: checking build system type
configure:2886: result: x86_64-unknown-linux-gnu
configure:2906: checking host system type
configure:2919: result: x86_64-unknown-linux-gnu
configure:2951: checking for style of include used by make
configure:2979: result: GNU
configure:3049: checking for gcc
configure:3065: found /usr/bin/gcc
configure:3076: result: gcc
configure:3305: checking for C compiler version
configure:3314: gcc --version >&5
gcc (Ubuntu 5.4.0-6ubuntu1~16.04.4) 5.4.0 20160609
Copyright (C) 2015 Free Software Foundation, Inc.
This is free software; see the source for copying conditions.  There is NO
warranty; not even for MERCHANTABILITY or FITNESS FOR A PARTICULAR PURPOSE.

configure:3325: $? = 0
configure:3314: gcc -v >&5
Using built-in specs.
COLLECT_GCC=gcc
COLLECT_LTO_WRAPPER=/usr/lib/gcc/x86_64-linux-gnu/5/lto-wrapper
Target: x86_64-linux-gnu
Configured with: ../src/configure -v --with-pkgversion='Ubuntu 5.4.0-6ubuntu1~16.04.4' --with-bugurl=file:///usr/share/doc/gcc-5/README.Bugs --enable-languages=c,ada,c++,java,go,d,fortran,objc,obj-c++ --prefix=/usr --program-suffix=-5 --enable-shared --enable-linker-build-id --libexecdir=/usr/lib --without-included-gettext --enable-threads=posix --libdir=/usr/lib --enable-nls --with-sysroot=/ --enable-clocale=gnu --enable-libstdcxx-debug --enable-libstdcxx-time=yes --with-default-libstdcxx-abi=new --enable-gnu-unique-object --disable-vtable-verify --enable-libmpx --enable-plugin --with-system-zlib --disable-browser-plugin --enable-java-awt=gtk --enable-gtk-cairo --with-java-home=/usr/lib/jvm/java-1.5.0-gcj-5-amd64/jre --enable-java-home --with-jvm-root-dir=/usr/lib/jvm/java-1.5.0-gcj-5-amd64 --with-jvm-jar-dir=/usr/lib/jvm-exports/java-1.5.0-gcj-5-amd64 --with-arch-directory=amd64 --with-ecj-jar=/usr/share/java/eclipse-ecj.jar --enable-objc-gc --enable-multiarch --disable-werror --with-arch-32=i686 --with-abi=m64 --with-multilib-list=m32,m64,mx32 --enable-multilib --with-tune=generic --enable-checking=release --build=x86_64-linux-gnu --host=x86_64-linux-gnu --target=x86_64-linux-gnu
Thread model: posix
gcc version 5.4.0 20160609 (Ubuntu 5.4.0-6ubuntu1~16.04.4) 
configure:3325: $? = 0
configure:3314: gcc -V >&5
gcc: error: unrecognized command line option '-V'
gcc: fatal error: no input files
compilation terminated.
configure:3325: $? = 1
configure:3314: gcc -qversion >&5
gcc: error: unrecognized command line option '-qversion'
gcc: fatal error: no input files
compilation terminated.
configure:3325: $? = 1
configure:3345: checking whether the C compiler works
configure:3367: gcc    conftest.c  >&5
configure:3371: $? = 0
configure:3419: result: yes
configure:3422: checking for C compiler default output file name
configure:3424: result: a.out
configure:3430: checking for suffix of executables
configure:3437: gcc -o conftest    conftest.c  >&5
configure:3441: $? = 0
configure:3463: result: 
configure:3485: checking whether we are cross compiling
configure:3493: gcc -o conftest    conftest.c  >&5
configure:3497: $? = 0
configure:3504: ./conftest
configure:3508: $? = 0
configure:3523: result: no
configure:3528: checking for suffix of object files
configure:3550: gcc -c   conftest.c >&5
configure:3554: $? = 0
configure:3575: result: o
configure:3579: checking whether we are using the GNU C compiler
configure:3598: gcc -c   conftest.c >&5
configure:3598: $? = 0
configure:3607: result: yes
configure:3616: checking whether gcc accepts -g
configure:3636: gcc -c -g  conftest.c >&5
configure:3636: $? = 0
configure:3677: result: yes
configure:3694: checking for gcc option to accept ISO C89
configure:3758: gcc  -c -g -O2  conftest.c >&5
configure:3758: $? = 0
configure:3771: result: none needed
configure:3793: checking dependency style of gcc
configure:3903: result: gcc3
configure:3918: checking for a sed that does not truncate output
configure:3982: result: /bin/sed
configure:4000: checking for grep that handles long lines and -e
configure:4058: result: /bin/grep
configure:4063: checking for egrep
configure:4125: result: /bin/grep -E
configure:4130: checking for fgrep
configure:4192: result: /bin/grep -F
configure:4227: checking for ld used by gcc
configure:4294: result: /usr/bin/ld
configure:4301: checking if the linker (/usr/bin/ld) is GNU ld
configure:4316: result: yes
configure:4328: checking for BSD- or MS-compatible name lister (nm)
configure:4377: result: /usr/bin/nm -B
configure:4495: checking the name lister (/usr/bin/nm -B) interface
configure:4502: gcc -c -g -O2  conftest.c >&5
configure:4505: /usr/bin/nm -B "conftest.o"
configure:4508: output
0000000000000000 B some_variable
configure:4515: result: BSD nm
configure:4518: checking whether ln -s works
configure:4522: result: yes
configure:4530: checking the maximum length of command line arguments
configure:4650: result: 1572864
configure:4667: checking whether the shell understands some XSI constructs
configure:4677: result: yes
configure:4681: checking whether the shell understands "+="
configure:4687: result: yes
configure:4722: checking for /usr/bin/ld option to reload object files
configure:4729: result: -r
configure:4798: checking for objdump
configure:4814: found /usr/bin/objdump
configure:4825: result: objdump
configure:4857: checking how to recognize dependent libraries
configure:5053: result: pass_all
configure:5113: checking for ar
configure:5129: found /usr/bin/ar
configure:5140: result: ar
configure:5218: checking for strip
configure:5234: found /usr/bin/strip
configure:5245: result: strip
configure:5317: checking for ranlib
configure:5333: found /usr/bin/ranlib
configure:5344: result: ranlib
configure:5434: checking command to parse /usr/bin/nm -B output from gcc object
configure:5552: gcc -c -g -O2  conftest.c >&5
configure:5555: $? = 0
configure:5559: /usr/bin/nm -B conftest.o \| sed -n -e 's/^.*[	 ]\([ABCDGIRSTW][ABCDGIRSTW]*\)[	 ][	 ]*\([_A-Za-z][_A-Za-z0-9]*\)$/\1 \2 \2/p' \> conftest.nm
configure:5562: $? = 0
configure:5616: gcc -o conftest -g -O2   conftest.c conftstm.o >&5
configure:5619: $? = 0
configure:5657: result: ok
configure:5753: gcc -c -g -O2  conftest.c >&5
configure:5756: $? = 0
configure:6466: checking how to run the C preprocessor
configure:6497: gcc -E  conftest.c
configure:6497: $? = 0
configure:6511: gcc -E  conftest.c
conftest.c:11:28: fatal error: ac_nonexistent.h: No such file or directory
compilation terminated.
configure:6511: $? = 1
configure: failed program was:
| /* confdefs.h */
| #define PACKAGE_NAME ""
| #define PACKAGE_TARNAME ""
| #define PACKAGE_VERSION ""
| #define PACKAGE_STRING ""
| #define PACKAGE_BUGREPORT ""
| #define PACKAGE_URL ""
| #define PACKAGE "libnova"
| #define VERSION "0.14.0"
| /* end confdefs.h.  */
| #include <ac_nonexistent.h>
configure:6536: result: gcc -E
configure:6556: gcc -E  conftest.c
configure:6556: $? = 0
configure:6570: gcc -E  conftest.c
conftest.c:11:28: fatal error: ac_nonexistent.h: No such file or directory
compilation terminated.
configure:6570: $? = 1
configure: failed program was:
| /* confdefs.h */
| #define PACKAGE_NAME ""
| #define PACKAGE_TARNAME ""
| #define PACKAGE_VERSION ""
| #define PACKAGE_STRING ""
| #define PACKAGE_BUGREPORT ""
| #define PACKAGE_URL ""
| #define PACKAGE "libnova"
| #define VERSION "0.14.0"
| /* end confdefs.h.  */
| #include <ac_nonexistent.h>
configure:6599: checking for ANSI C header files
configure:6619: gcc -c -g -O2  conftest.c >&5
configure:6619: $? = 0
configure:6692: gcc -o conftest -g -O2   conftest.c  >&5
configure:6692: $? = 0
configure:6692: ./conftest
configure:6692: $? = 0
configure:6703: result: yes
configure:6716: checking for sys/types.h
configure:6716: gcc -c -g -O2  conftest.c >&5
configure:6716: $? = 0
configure:6716: result: yes
configure:6716: checking for sys/stat.h
configure:6716: gcc -c -g -O2  conftest.c >&5
configure:6716: $? = 0
configure:6716: result: yes
configure:6716: checking for stdlib.h
configure:6716: gcc -c -g -O2  conftest.c >&5
configure:6716: $? = 0
configure:6716: result: yes
configure:6716: checking for string.h
configure:6716: gcc -c -g -O2  conftest.c >&5
configure:6716: $? = 0
configure:6716: result: yes
configure:6716: checking for memory.h
configure:6716: gcc -c -g -O2  conftest.c >&5
configure:6716: $? = 0
configure:6716: result: yes
configure:6716: checking for strings.h
configure:6716: gcc -c -g -O2  conftest.c >&5
configure:6716: $? = 0
configure:6716: result: yes
configure:6716: checking for inttypes.h
configure:6716: gcc -c -g -O2  conftest.c >&5
configure:6716: $? = 0
configure:6716: result: yes
configure:6716: checking for stdint.h
configure:6716: gcc -c -g -O2  conftest.c >&5
configure:6716: $? = 0
configure:6716: result: yes
configure:6716: checking for unistd.h
configure:6716: gcc -c -g -O2  conftest.c >&5
configure:6716: $? = 0
configure:6716: result: yes
configure:6730: checking for dlfcn.h
configure:6730: gcc -c -g -O2  conftest.c >&5
configure:6730: $? = 0
configure:6730: result: yes
configure:6914: checking for objdir
configure:6929: result: .libs
configure:7221: checking if gcc supports -fno-rtti -fno-exceptions
configure:7239: gcc -c -g -O2  -fno-rtti -fno-exceptions conftest.c >&5
cc1: warning: command line option '-fno-rtti' is valid for C++/ObjC++ but not for C
configure:7243: $? = 0
configure:7256: result: no
configure:7276: checking for gcc option to produce PIC
configure:7548: result: -fPIC -DPIC
configure:7560: checking if gcc PIC flag -fPIC -DPIC works
configure:7578: gcc -c -g -O2  -fPIC -DPIC -DPIC conftest.c >&5
configure:7582: $? = 0
configure:7595: result: yes
configure:7619: checking if gcc static flag -static works
configure:7647: result: yes
configure:7662: checking if gcc supports -c -o file.o
configure:7683: gcc -c -g -O2  -o out/conftest2.o conftest.c >&5
configure:7687: $? = 0
configure:7709: result: yes
configure:7717: checking if gcc supports -c -o file.o
configure:7764: result: yes
configure:7797: checking whether the gcc linker (/usr/bin/ld -m elf_x86_64) supports shared libraries
configure:8788: result: yes
configure:8825: checking whether -lc should be explicitly linked in
configure:8830: gcc -c -g -O2  conftest.c >&5
configure:8833: $? = 0
configure:8848: gcc -shared conftest.o  -v -Wl,-soname -Wl,conftest -o conftest 2\>\&1 \| /bin/grep  -lc  \>/dev/null 2\>\&1
configure:8851: $? = 0
configure:8863: result: no
configure:9027: checking dynamic linker characteristics
configure:9460: gcc -o conftest -g -O2   -Wl,-rpath -Wl,/foo conftest.c  >&5
configure:9460: $? = 0
configure:9690: result: GNU/Linux ld.so
configure:9792: checking how to hardcode library paths into programs
configure:9817: result: immediate
configure:10337: checking whether stripping libraries is possible
configure:10342: result: yes
configure:10377: checking if libtool supports shared libraries
configure:10379: result: yes
configure:10382: checking whether to build shared libraries
configure:10403: result: yes
configure:10406: checking whether to build static libraries
configure:10410: result: yes
configure:10447: checking whether to enable maintainer-specific portions of Makefiles
configure:10456: result: no
configure:10519: checking for gcc
configure:10546: result: gcc
configure:10775: checking for C compiler version
configure:10784: gcc --version >&5
gcc (Ubuntu 5.4.0-6ubuntu1~16.04.4) 5.4.0 20160609
Copyright (C) 2015 Free Software Foundation, Inc.
This is free software; see the source for copying conditions.  There is NO
warranty; not even for MERCHANTABILITY or FITNESS FOR A PARTICULAR PURPOSE.

configure:10795: $? = 0
configure:10784: gcc -v >&5
Using built-in specs.
COLLECT_GCC=gcc
COLLECT_LTO_WRAPPER=/usr/lib/gcc/x86_64-linux-gnu/5/lto-wrapper
Target: x86_64-linux-gnu
Configured with: ../src/configure -v --with-pkgversion='Ubuntu 5.4.0-6ubuntu1~16.04.4' --with-bugurl=file:///usr/share/doc/gcc-5/README.Bugs --enable-languages=c,ada,c++,java,go,d,fortran,objc,obj-c++ --prefix=/usr --program-suffix=-5 --enable-shared --enable-linker-build-id --libexecdir=/usr/lib --without-included-gettext --enable-threads=posix --libdir=/usr/lib --enable-nls --with-sysroot=/ --enable-clocale=gnu --enable-libstdcxx-debug --enable-libstdcxx-time=yes --with-default-libstdcxx-abi=new --enable-gnu-unique-object --disable-vtable-verify --enable-libmpx --enable-plugin --with-system-zlib --disable-browser-plugin --enable-java-awt=gtk --enable-gtk-cairo --with-java-home=/usr/lib/jvm/java-1.5.0-gcj-5-amd64/jre --enable-java-home --with-jvm-root-dir=/usr/lib/jvm/java-1.5.0-gcj-5-amd64 --with-jvm-jar-dir=/usr/lib/jvm-exports/java-1.5.0-gcj-5-amd64 --with-arch-directory=amd64 --with-ecj-jar=/usr/share/java/eclipse-ecj.jar --enable-objc-gc --enable-multiarch --disable-werror --with-arch-32=i686 --with-abi=m64 --with-multilib-list=m32,m64,mx32 --enable-multilib --with-tune=generic --enable-checking=release --build=x86_64-linux-gnu --host=x86_64-linux-gnu --target=x86_64-linux-gnu
Thread model: posix
gcc version 5.4.0 20160609 (Ubuntu 5.4.0-6ubuntu1~16.04.4) 
configure:10795: $? = 0
configure:10784: gcc -V >&5
gcc: error: unrecognized command line option '-V'
gcc: fatal error: no input files
compilation terminated.
configure:10795: $? = 1
configure:10784: gcc -qversion >&5
gcc: error: unrecognized command line option '-qversion'
gcc: fatal error: no input files
compilation terminated.
configure:10795: $? = 1
configure:10799: checking whether we are using the GNU C compiler
configure:10827: result: yes
configure:10836: checking whether gcc accepts -g
configure:10897: result: yes
configure:10914: checking for gcc option to accept ISO C89
configure:10991: result: none needed
configure:11013: checking dependency style of gcc
configure:11123: result: gcc3
configure:11186: checking for gcc
configure:11213: result: gcc
configure:11442: checking for C compiler version
configure:11451: gcc --version >&5
gcc (Ubuntu 5.4.0-6ubuntu1~16.04.4) 5.4.0 20160609
Copyright (C) 2015 Free Software Foundation, Inc.
This is free software; see the source for copying conditions.  There is NO
warranty; not even for MERCHANTABILITY or FITNESS FOR A PARTICULAR PURPOSE.

configure:11462: $? = 0
configure:11451: gcc -v >&5
Using built-in specs.
COLLECT_GCC=gcc
COLLECT_LTO_WRAPPER=/usr/lib/gcc/x86_64-linux-gnu/5/lto-wrapper
Target: x86_64-linux-gnu
Configured with: ../src/configure -v --with-pkgversion='Ubuntu 5.4.0-6ubuntu1~16.04.4' --with-bugurl=file:///usr/share/doc/gcc-5/README.Bugs --enable-languages=c,ada,c++,java,go,d,fortran,objc,obj-c++ --prefix=/usr --program-suffix=-5 --enable-shared --enable-linker-build-id --libexecdir=/usr/lib --without-included-gettext --enable-threads=posix --libdir=/usr/lib --enable-nls --with-sysroot=/ --enable-clocale=gnu --enable-libstdcxx-debug --enable-libstdcxx-time=yes --with-default-libstdcxx-abi=new --enable-gnu-unique-object --disable-vtable-verify --enable-libmpx --enable-plugin --with-system-zlib --disable-browser-plugin --enable-java-awt=gtk --enable-gtk-cairo --with-java-home=/usr/lib/jvm/java-1.5.0-gcj-5-amd64/jre --enable-java-home --with-jvm-root-dir=/usr/lib/jvm/java-1.5.0-gcj-5-amd64 --with-jvm-jar-dir=/usr/lib/jvm-exports/java-1.5.0-gcj-5-amd64 --with-arch-directory=amd64 --with-ecj-jar=/usr/share/java/eclipse-ecj.jar --enable-objc-gc --enable-multiarch --disable-werror --with-arch-32=i686 --with-abi=m64 --with-multilib-list=m32,m64,mx32 --enable-multilib --with-tune=generic --enable-checking=release --build=x86_64-linux-gnu --host=x86_64-linux-gnu --target=x86_64-linux-gnu
Thread model: posix
gcc version 5.4.0 20160609 (Ubuntu 5.4.0-6ubuntu1~16.04.4) 
configure:11462: $? = 0
configure:11451: gcc -V >&5
gcc: error: unrecognized command line option '-V'
gcc: fatal error: no input files
compilation terminated.
configure:11462: $? = 1
configure:11451: gcc -qversion >&5
gcc: error: unrecognized command line option '-qversion'
gcc: fatal error: no input files
compilation terminated.
configure:11462: $? = 1
configure:11466: checking whether we are using the GNU C compiler
configure:11494: result: yes
configure:11503: checking whether gcc accepts -g
configure:11564: result: yes
configure:11581: checking for gcc option to accept ISO C89
configure:11658: result: none needed
configure:11680: checking dependency style of gcc
configure:11790: result: gcc3
configure:11811: checking for gettimeofday
configure:11811: gcc -o conftest -g -O2   conftest.c  >&5
configure:11811: $? = 0
configure:11811: result: yes
configure:11822: checking for modf
configure:11822: gcc -o conftest -g -O2   conftest.c  >&5
conftest.c:47:6: warning: conflicting types for built-in function 'modf'
 char modf ();
      ^
configure:11822: $? = 0
configure:11822: result: yes
configure:11833: checking for pow
configure:11833: gcc -o conftest -g -O2   conftest.c  >&5
conftest.c:48:6: warning: conflicting types for built-in function 'pow'
 char pow ();
      ^
/tmp/cco9Oz6r.o: In function `main':
/nfs/OGN/src/src/libnova-0.14.0/conftest.c:59: undefined reference to `pow'
collect2: error: ld returned 1 exit status
configure:11833: $? = 1
configure: failed program was:
| /* confdefs.h */
| #define PACKAGE_NAME ""
| #define PACKAGE_TARNAME ""
| #define PACKAGE_VERSION ""
| #define PACKAGE_STRING ""
| #define PACKAGE_BUGREPORT ""
| #define PACKAGE_URL ""
| #define PACKAGE "libnova"
| #define VERSION "0.14.0"
| #define STDC_HEADERS 1
| #define HAVE_SYS_TYPES_H 1
| #define HAVE_SYS_STAT_H 1
| #define HAVE_STDLIB_H 1
| #define HAVE_STRING_H 1
| #define HAVE_MEMORY_H 1
| #define HAVE_STRINGS_H 1
| #define HAVE_INTTYPES_H 1
| #define HAVE_STDINT_H 1
| #define HAVE_UNISTD_H 1
| #define HAVE_DLFCN_H 1
| #define LT_OBJDIR ".libs/"
| #define HAVE_GETTIMEOFDAY 1
| #define HAVE_MODF 1
| /* end confdefs.h.  */
| /* Define pow to an innocuous variant, in case <limits.h> declares pow.
|    For example, HP-UX 11i <limits.h> declares gettimeofday.  */
| #define pow innocuous_pow
| 
| /* System header to define __stub macros and hopefully few prototypes,
|     which can conflict with char pow (); below.
|     Prefer <limits.h> to <assert.h> if __STDC__ is defined, since
|     <limits.h> exists even on freestanding compilers.  */
| 
| #ifdef __STDC__
| # include <limits.h>
| #else
| # include <assert.h>
| #endif
| 
| #undef pow
| 
| /* Override any GCC internal prototype to avoid an error.
|    Use char because int might match the return type of a GCC
|    builtin and then its argument prototype would still apply.  */
| #ifdef __cplusplus
| extern "C"
| #endif
| char pow ();
| /* The GNU C library defines this for functions which it implements
|     to always fail with ENOSYS.  Some functions are actually named
|     something starting with __ and the normal name is an alias.  */
| #if defined __stub_pow || defined __stub___pow
| choke me
| #endif
| 
| int
| main ()
| {
| return pow ();
|   ;
|   return 0;
| }
configure:11833: result: no
configure:11844: checking for sqrt
configure:11844: gcc -o conftest -g -O2   conftest.c  >&5
conftest.c:48:6: warning: conflicting types for built-in function 'sqrt'
 char sqrt ();
      ^
/tmp/ccExv9LR.o: In function `main':
/nfs/OGN/src/src/libnova-0.14.0/conftest.c:59: undefined reference to `sqrt'
collect2: error: ld returned 1 exit status
configure:11844: $? = 1
configure: failed program was:
| /* confdefs.h */
| #define PACKAGE_NAME ""
| #define PACKAGE_TARNAME ""
| #define PACKAGE_VERSION ""
| #define PACKAGE_STRING ""
| #define PACKAGE_BUGREPORT ""
| #define PACKAGE_URL ""
| #define PACKAGE "libnova"
| #define VERSION "0.14.0"
| #define STDC_HEADERS 1
| #define HAVE_SYS_TYPES_H 1
| #define HAVE_SYS_STAT_H 1
| #define HAVE_STDLIB_H 1
| #define HAVE_STRING_H 1
| #define HAVE_MEMORY_H 1
| #define HAVE_STRINGS_H 1
| #define HAVE_INTTYPES_H 1
| #define HAVE_STDINT_H 1
| #define HAVE_UNISTD_H 1
| #define HAVE_DLFCN_H 1
| #define LT_OBJDIR ".libs/"
| #define HAVE_GETTIMEOFDAY 1
| #define HAVE_MODF 1
| /* end confdefs.h.  */
| /* Define sqrt to an innocuous variant, in case <limits.h> declares sqrt.
|    For example, HP-UX 11i <limits.h> declares gettimeofday.  */
| #define sqrt innocuous_sqrt
| 
| /* System header to define __stub macros and hopefully few prototypes,
|     which can conflict with char sqrt (); below.
|     Prefer <limits.h> to <assert.h> if __STDC__ is defined, since
|     <limits.h> exists even on freestanding compilers.  */
| 
| #ifdef __STDC__
| # include <limits.h>
| #else
| # include <assert.h>
| #endif
| 
| #undef sqrt
| 
| /* Override any GCC internal prototype to avoid an error.
|    Use char because int might match the return type of a GCC
|    builtin and then its argument prototype would still apply.  */
| #ifdef __cplusplus
| extern "C"
| #endif
| char sqrt ();
| /* The GNU C library defines this for functions which it implements
|     to always fail with ENOSYS.  Some functions are actually named
|     something starting with __ and the normal name is an alias.  */
| #if defined __stub_sqrt || defined __stub___sqrt
| choke me
| #endif
| 
| int
| main ()
| {
| return sqrt ();
|   ;
|   return 0;
| }
configure:11844: result: no
configure:11855: checking for strchr
configure:11855: gcc -o conftest -g -O2   conftest.c  >&5
conftest.c:48:6: warning: conflicting types for built-in function 'strchr'
 char strchr ();
      ^
configure:11855: $? = 0
configure:11855: result: yes
configure:11866: checking for strpbrk
configure:11866: gcc -o conftest -g -O2   conftest.c  >&5
conftest.c:49:6: warning: conflicting types for built-in function 'strpbrk'
 char strpbrk ();
      ^
configure:11866: $? = 0
configure:11866: result: yes
configure:11877: checking for strtol
configure:11877: gcc -o conftest -g -O2   conftest.c  >&5
configure:11877: $? = 0
configure:11877: result: yes
configure:11888: checking for tzset
configure:11888: gcc -o conftest -g -O2   conftest.c  >&5
configure:11888: $? = 0
configure:11888: result: yes
configure:11899: checking malloc.h usability
configure:11899: gcc -c -g -O2  conftest.c >&5
configure:11899: $? = 0
configure:11899: result: yes
configure:11899: checking malloc.h presence
configure:11899: gcc -E  conftest.c
configure:11899: $? = 0
configure:11899: result: yes
configure:11899: checking for malloc.h
configure:11899: result: yes
configure:11911: checking sys/time.h usability
configure:11911: gcc -c -g -O2  conftest.c >&5
configure:11911: $? = 0
configure:11911: result: yes
configure:11911: checking sys/time.h presence
configure:11911: gcc -E  conftest.c
configure:11911: $? = 0
configure:11911: result: yes
configure:11911: checking for sys/time.h
configure:11911: result: yes
configure:11921: checking for an ANSI C-conforming const
configure:11986: gcc -c -g -O2  conftest.c >&5
configure:11986: $? = 0
configure:11993: result: yes
configure:12003: checking for working alloca.h
configure:12020: gcc -o conftest -g -O2   conftest.c  >&5
configure:12020: $? = 0
configure:12028: result: yes
configure:12036: checking for alloca
configure:12073: gcc -o conftest -g -O2   conftest.c  >&5
configure:12073: $? = 0
configure:12081: result: yes
configure:12190: checking for working strtod
configure:12231: gcc -o conftest -g -O2   conftest.c  >&5
configure:12231: $? = 0
configure:12231: ./conftest
configure:12231: $? = 0
configure:12241: result: yes
configure:12303: checking whether time.h and sys/time.h may both be included
configure:12323: gcc -c -g -O2  conftest.c >&5
configure:12323: $? = 0
configure:12330: result: yes
configure:12338: checking whether struct tm is in sys/time.h or time.h
configure:12358: gcc -c -g -O2  conftest.c >&5
configure:12358: $? = 0
configure:12365: result: time.h
configure:12374: checking for pow in -lm
configure:12399: gcc -o conftest -g -O2   conftest.c -lm   >&5
conftest.c:41:6: warning: conflicting types for built-in function 'pow'
 char pow ();
      ^
configure:12399: $? = 0
configure:12408: result: yes
configure:12419: checking for acosl in -lsunmath
configure:12444: gcc -o conftest -g -O2   conftest.c -lsunmath  -lm  >&5
conftest.c:42:6: warning: conflicting types for built-in function 'acosl'
 char acosl ();
      ^
/usr/bin/ld: cannot find -lsunmath
collect2: error: ld returned 1 exit status
configure:12444: $? = 1
configure: failed program was:
| /* confdefs.h */
| #define PACKAGE_NAME ""
| #define PACKAGE_TARNAME ""
| #define PACKAGE_VERSION ""
| #define PACKAGE_STRING ""
| #define PACKAGE_BUGREPORT ""
| #define PACKAGE_URL ""
| #define PACKAGE "libnova"
| #define VERSION "0.14.0"
| #define STDC_HEADERS 1
| #define HAVE_SYS_TYPES_H 1
| #define HAVE_SYS_STAT_H 1
| #define HAVE_STDLIB_H 1
| #define HAVE_STRING_H 1
| #define HAVE_MEMORY_H 1
| #define HAVE_STRINGS_H 1
| #define HAVE_INTTYPES_H 1
| #define HAVE_STDINT_H 1
| #define HAVE_UNISTD_H 1
| #define HAVE_DLFCN_H 1
| #define LT_OBJDIR ".libs/"
| #define HAVE_GETTIMEOFDAY 1
| #define HAVE_MODF 1
| #define HAVE_STRCHR 1
| #define HAVE_STRPBRK 1
| #define HAVE_STRTOL 1
| #define HAVE_TZSET 1
| #define HAVE_MALLOC_H 1
| #define HAVE_SYS_TIME_H 1
| #define HAVE_ALLOCA_H 1
| #define HAVE_ALLOCA 1
| #define TIME_WITH_SYS_TIME 1
| #define HAVE_LIBM 1
| /* end confdefs.h.  */
| 
| /* Override any GCC internal prototype to avoid an error.
|    Use char because int might match the return type of a GCC
|    builtin and then its argument prototype would still apply.  */
| #ifdef __cplusplus
| extern "C"
| #endif
| char acosl ();
| int
| main ()
| {
| return acosl ();
|   ;
|   return 0;
| }
configure:12453: result: no
configure:12467: checking for round
configure:12467: gcc -o conftest -g -O2   conftest.c -lm  >&5
conftest.c:58:6: warning: conflicting types for built-in function 'round'
 char round ();
      ^
configure:12467: $? = 0
configure:12467: result: yes
configure:12478: checking for cosl
configure:12478: gcc -o conftest -g -O2   conftest.c -lm  >&5
conftest.c:59:6: warning: conflicting types for built-in function 'cosl'
 char cosl ();
      ^
configure:12478: $? = 0
configure:12478: result: yes
configure:12489: checking for sinl
configure:12489: gcc -o conftest -g -O2   conftest.c -lm  >&5
conftest.c:60:6: warning: conflicting types for built-in function 'sinl'
 char sinl ();
      ^
configure:12489: $? = 0
configure:12489: result: yes
configure:12500: checking for acosl
configure:12500: gcc -o conftest -g -O2   conftest.c -lm  >&5
conftest.c:61:6: warning: conflicting types for built-in function 'acosl'
 char acosl ();
      ^
configure:12500: $? = 0
configure:12500: result: yes
configure:12511: checking for asinl
configure:12511: gcc -o conftest -g -O2   conftest.c -lm  >&5
conftest.c:62:6: warning: conflicting types for built-in function 'asinl'
 char asinl ();
      ^
configure:12511: $? = 0
configure:12511: result: yes
configure:12522: checking for atan2l
configure:12522: gcc -o conftest -g -O2   conftest.c -lm  >&5
conftest.c:63:6: warning: conflicting types for built-in function 'atan2l'
 char atan2l ();
      ^
configure:12522: $? = 0
configure:12522: result: yes
configure:12535: checking for ANSI C header files
configure:12639: result: yes
configure:12790: creating ./config.status

## ---------------------- ##
## Running config.status. ##
## ---------------------- ##

This file was extended by config.status, which was
generated by GNU Autoconf 2.67.  Invocation command line was

  CONFIG_FILES    = 
  CONFIG_HEADERS  = 
  CONFIG_LINKS    = 
  CONFIG_COMMANDS = 
  $ ./config.status 

on SAROGN

config.status:1105: creating Makefile
config.status:1105: creating src/Makefile
config.status:1105: creating src/libnova/Makefile
config.status:1105: creating lntest/Makefile
config.status:1105: creating doc/Makefile
config.status:1105: creating doc/doxyfile
config.status:1105: creating examples/Makefile
config.status:1105: creating config.h
config.status:1285: config.h is unchanged
config.status:1333: executing depfiles commands
config.status:1333: executing libtool commands

## ---------------- ##
## Cache variables. ##
## ---------------- ##

ac_cv_build=x86_64-unknown-linux-gnu
ac_cv_c_compiler_gnu=yes
ac_cv_c_const=yes
ac_cv_env_CC_set=
ac_cv_env_CC_value=
ac_cv_env_CFLAGS_set=
ac_cv_env_CFLAGS_value=
ac_cv_env_CPPFLAGS_set=
ac_cv_env_CPPFLAGS_value=
ac_cv_env_CPP_set=
ac_cv_env_CPP_value=
ac_cv_env_LDFLAGS_set=
ac_cv_env_LDFLAGS_value=
ac_cv_env_LIBS_set=
ac_cv_env_LIBS_value=
ac_cv_env_build_alias_set=
ac_cv_env_build_alias_value=
ac_cv_env_host_alias_set=
ac_cv_env_host_alias_value=
ac_cv_env_target_alias_set=
ac_cv_env_target_alias_value=
ac_cv_func_acosl=yes
ac_cv_func_alloca_works=yes
ac_cv_func_asinl=yes
ac_cv_func_atan2l=yes
ac_cv_func_cosl=yes
ac_cv_func_gettimeofday=yes
ac_cv_func_modf=yes
ac_cv_func_pow=no
ac_cv_func_round=yes
ac_cv_func_sinl=yes
ac_cv_func_sqrt=no
ac_cv_func_strchr=yes
ac_cv_func_strpbrk=yes
ac_cv_func_strtod=yes
ac_cv_func_strtol=yes
ac_cv_func_tzset=yes
ac_cv_header_dlfcn_h=yes
ac_cv_header_inttypes_h=yes
ac_cv_header_malloc_h=yes
ac_cv_header_memory_h=yes
ac_cv_header_stdc=yes
ac_cv_header_stdint_h=yes
ac_cv_header_stdlib_h=yes
ac_cv_header_string_h=yes
ac_cv_header_strings_h=yes
ac_cv_header_sys_stat_h=yes
ac_cv_header_sys_time_h=yes
ac_cv_header_sys_types_h=yes
ac_cv_header_time=yes
ac_cv_header_unistd_h=yes
ac_cv_host=x86_64-unknown-linux-gnu
ac_cv_lib_m_pow=yes
ac_cv_lib_sunmath_acosl=no
ac_cv_objext=o
ac_cv_path_EGREP='/bin/grep -E'
ac_cv_path_FGREP='/bin/grep -F'
ac_cv_path_GREP=/bin/grep
ac_cv_path_SED=/bin/sed
ac_cv_path_install='/usr/bin/install -c'
ac_cv_path_mkdir=/bin/mkdir
ac_cv_prog_AWK=gawk
ac_cv_prog_CPP='gcc -E'
ac_cv_prog_ac_ct_AR=ar
ac_cv_prog_ac_ct_CC=gcc
ac_cv_prog_ac_ct_OBJDUMP=objdump
ac_cv_prog_ac_ct_RANLIB=ranlib
ac_cv_prog_ac_ct_STRIP=strip
ac_cv_prog_cc_c89=
ac_cv_prog_cc_g=yes
ac_cv_prog_make_make_set=yes
ac_cv_struct_tm=time.h
ac_cv_working_alloca_h=yes
am_cv_CC_dependencies_compiler_type=gcc3
am_cv_prog_cc_stdc=
lt_cv_deplibs_check_method=pass_all
lt_cv_file_magic_cmd='$MAGIC_CMD'
lt_cv_file_magic_test_file=
lt_cv_ld_reload_flag=-r
lt_cv_nm_interface='BSD nm'
lt_cv_objdir=.libs
lt_cv_path_LD=/usr/bin/ld
lt_cv_path_NM='/usr/bin/nm -B'
lt_cv_prog_compiler_c_o=yes
lt_cv_prog_compiler_pic_works=yes
lt_cv_prog_compiler_rtti_exceptions=no
lt_cv_prog_compiler_static_works=yes
lt_cv_prog_gnu_ld=yes
lt_cv_sys_global_symbol_pipe='sed -n -e '\''s/^.*[	 ]\([ABCDGIRSTW][ABCDGIRSTW]*\)[	 ][	 ]*\([_A-Za-z][_A-Za-z0-9]*\)$/\1 \2 \2/p'\'''
lt_cv_sys_global_symbol_to_c_name_address='sed -n -e '\''s/^: \([^ ]*\) $/  {\"\1\", (void *) 0},/p'\'' -e '\''s/^[ABCDGIRSTW]* \([^ ]*\) \([^ ]*\)$/  {"\2", (void *) \&\2},/p'\'''
lt_cv_sys_global_symbol_to_c_name_address_lib_prefix='sed -n -e '\''s/^: \([^ ]*\) $/  {\"\1\", (void *) 0},/p'\'' -e '\''s/^[ABCDGIRSTW]* \([^ ]*\) \(lib[^ ]*\)$/  {"\2", (void *) \&\2},/p'\'' -e '\''s/^[ABCDGIRSTW]* \([^ ]*\) \([^ ]*\)$/  {"lib\2", (void *) \&\2},/p'\'''
lt_cv_sys_global_symbol_to_cdecl='sed -n -e '\''s/^T .* \(.*\)$/extern int \1();/p'\'' -e '\''s/^[ABCDGIRSTW]* .* \(.*\)$/extern char \1;/p'\'''
lt_cv_sys_max_cmd_len=1572864

## ----------------- ##
## Output variables. ##
## ----------------- ##

ACLOCAL='${SHELL} /nfs/OGN/src/src/libnova-0.14.0/missing --run aclocal-1.11'
ALLOCA=''
AMDEPBACKSLASH='\'
AMDEP_FALSE='#'
AMDEP_TRUE=''
AMTAR='${SHELL} /nfs/OGN/src/src/libnova-0.14.0/missing --run tar'
AR='ar'
AUTOCONF='${SHELL} /nfs/OGN/src/src/libnova-0.14.0/missing --run autoconf'
AUTOHEADER='${SHELL} /nfs/OGN/src/src/libnova-0.14.0/missing --run autoheader'
AUTOMAKE='${SHELL} /nfs/OGN/src/src/libnova-0.14.0/missing --run automake-1.11'
AWK='gawk'
CC='gcc'
CCDEPMODE='depmode=gcc3'
CFLAGS='-Wall'
CPP='gcc -E'
CPPFLAGS=''
CYGPATH_W='echo'
DEFS='-DHAVE_CONFIG_H'
DEPDIR='.deps'
DSYMUTIL=''
DUMPBIN=''
ECHO_C=''
ECHO_N='-n'
ECHO_T=''
EGREP='/bin/grep -E'
EXEEXT=''
FGREP='/bin/grep -F'
GREP='/bin/grep'
INSTALL_DATA='${INSTALL} -m 644'
INSTALL_PROGRAM='${INSTALL}'
INSTALL_SCRIPT='${INSTALL}'
INSTALL_STRIP_PROGRAM='$(install_sh) -c -s'
LD='/usr/bin/ld -m elf_x86_64'
LDFLAGS=''
LIBNOVA_MACRO_DIR='/usr/local/share/aclocal'
LIBNOVA_MAJOR_VERSION='0'
LIBNOVA_MICRO_VERSION='0'
LIBNOVA_MINOR_VERSION='14'
LIBNOVA_VERSION='0.14.0'
LIBOBJS=''
LIBS='-lm '
LIBTOOL='$(SHELL) $(top_builddir)/libtool'
LIPO=''
LN_S='ln -s'
LTLIBOBJS=''
LT_RELEASE='0.14'
LT_VERSION='0'
MAINT='#'
MAINTAINER_MODE_FALSE=''
MAINTAINER_MODE_TRUE='#'
MAKEINFO='${SHELL} /nfs/OGN/src/src/libnova-0.14.0/missing --run makeinfo'
MKDIR_P='/bin/mkdir -p'
NM='/usr/bin/nm -B'
NMEDIT=''
OBJDUMP='objdump'
OBJEXT='o'
OTOOL64=''
OTOOL=''
PACKAGE='libnova'
PACKAGE_BUGREPORT=''
PACKAGE_NAME=''
PACKAGE_STRING=''
PACKAGE_TARNAME=''
PACKAGE_URL=''
PACKAGE_VERSION=''
PATH_SEPARATOR=':'
POW_LIB=''
RANLIB='ranlib'
SED='/bin/sed'
SET_MAKE=''
SHELL='/bin/bash'
STRIP='strip'
VERSION='0.14.0'
ac_ct_CC='gcc'
ac_ct_DUMPBIN=''
am__EXEEXT_FALSE=''
am__EXEEXT_TRUE='#'
am__fastdepCC_FALSE='#'
am__fastdepCC_TRUE=''
am__include='include'
am__isrc=''
am__leading_dot='.'
am__quote=''
am__tar='${AMTAR} chof - "$$tardir"'
am__untar='${AMTAR} xf -'
bindir='${exec_prefix}/bin'
build='x86_64-unknown-linux-gnu'
build_alias=''
build_cpu='x86_64'
build_os='linux-gnu'
build_vendor='unknown'
datadir='${datarootdir}'
datarootdir='${prefix}/share'
docdir='${datarootdir}/doc/${PACKAGE}'
dvidir='${docdir}'
exec_prefix='${prefix}'
host='x86_64-unknown-linux-gnu'
host_alias=''
host_cpu='x86_64'
host_os='linux-gnu'
host_vendor='unknown'
htmldir='${docdir}'
includedir='${prefix}/include'
infodir='${datarootdir}/info'
install_sh='${SHELL} /nfs/OGN/src/src/libnova-0.14.0/install-sh'
libdir='${exec_prefix}/lib'
libexecdir='${exec_prefix}/libexec'
localedir='${datarootdir}/locale'
localstatedir='${prefix}/var'
lt_ECHO='echo'
mandir='${datarootdir}/man'
mkdir_p='/bin/mkdir -p'
oldincludedir='/usr/include'
pdfdir='${docdir}'
prefix='/usr/local'
program_transform_name='s,x,x,'
psdir='${docdir}'
sbindir='${exec_prefix}/sbin'
sharedstatedir='${prefix}/com'
sysconfdir='${prefix}/etc'
target_alias=''

## ----------- ##
## confdefs.h. ##
## ----------- ##

/* confdefs.h */
#define PACKAGE_NAME ""
#define PACKAGE_TARNAME ""
#define PACKAGE_VERSION ""
#define PACKAGE_STRING ""
#define PACKAGE_BUGREPORT ""
#define PACKAGE_URL ""
#define PACKAGE "libnova"
#define VERSION "0.14.0"
#define STDC_HEADERS 1
#define HAVE_SYS_TYPES_H 1
#define HAVE_SYS_STAT_H 1
#define HAVE_STDLIB_H 1
#define HAVE_STRING_H 1
#define HAVE_MEMORY_H 1
#define HAVE_STRINGS_H 1
#define HAVE_INTTYPES_H 1
#define HAVE_STDINT_H 1
#define HAVE_UNISTD_H 1
#define HAVE_DLFCN_H 1
#define LT_OBJDIR ".libs/"
#define HAVE_GETTIMEOFDAY 1
#define HAVE_MODF 1
#define HAVE_STRCHR 1
#define HAVE_STRPBRK 1
#define HAVE_STRTOL 1
#define HAVE_TZSET 1
#define HAVE_MALLOC_H 1
#define HAVE_SYS_TIME_H 1
#define HAVE_ALLOCA_H 1
#define HAVE_ALLOCA 1
#define TIME_WITH_SYS_TIME 1
#define HAVE_LIBM 1
#define HAVE_ROUND 1
#define HAVE_COSL 1
#define HAVE_SINL 1
#define HAVE_ACOSL 1
#define HAVE_ASINL 1
#define HAVE_ATAN2L 1
#define STDC_HEADERS 1

configure: exit 0
