This file contains any messages produced by compilers while
running configure, to aid debugging if configure makes a mistake.

It was created by APRS parser configure 1.5, which was
generated by GNU Autoconf 2.69.  Invocation command line was

  $ ./configure CC=gcc -arch i386 -arch x86_32 -arch ppc -arch ppc32 CXX=g++ -arch i386 -arch x86_32 -arch ppc -arch ppc32 CPP=gcc -E CXXCPP=g++ -E

## --------- ##
## Platform. ##
## --------- ##

hostname = casadoimac.local
uname -m = x86_64
uname -r = 14.3.0
uname -s = Darwin
uname -v = Darwin Kernel Version 14.3.0: Mon Mar 23 11:59:05 PDT 2015; root:xnu-2782.20.48~5/RELEASE_X86_64

/usr/bin/uname -p = i386
/bin/uname -X     = unknown

/bin/arch              = unknown
/usr/bin/arch -k       = unknown
/usr/convex/getsysinfo = unknown
/usr/bin/hostinfo      = Mach kernel version:
	 Darwin Kernel Version 14.3.0: Mon Mar 23 11:59:05 PDT 2015; root:xnu-2782.20.48~5/RELEASE_X86_64
Kernel configured for up to 8 processors.
4 processors are physically available.
8 processors are logically available.
Processor type: i486 (Intel 80486)
Processors active: 0 1 2 3 4 5 6 7
Primary memory available: 8.00 gigabytes
Default processor set: 236 tasks, 981 threads, 8 processors
Load average: 0.84, Mach factor: 7.15
/bin/machine           = unknown
/usr/bin/oslevel       = unknown
/bin/universe          = unknown

PATH: /Library/Frameworks/Python.framework/Versions/2.7/bin
PATH: /opt/local/bin
PATH: /opt/local/sbin
PATH: /usr/local/bin
PATH: /usr/bin
PATH: /bin
PATH: /usr/sbin
PATH: /sbin
PATH: /opt/X11/bin
PATH: /usr/local/git/bin


## ----------- ##
## Core tests. ##
## ----------- ##

configure:2253: checking for a BSD-compatible install
configure:2321: result: /usr/local/bin/ginstall -c
configure:2332: checking whether build environment is sane
configure:2382: result: yes
configure:2523: checking for a thread-safe mkdir -p
configure:2562: result: /usr/local/bin/gmkdir -p
configure:2575: checking for gawk
configure:2605: result: no
configure:2575: checking for mawk
configure:2605: result: no
configure:2575: checking for nawk
configure:2605: result: no
configure:2575: checking for awk
configure:2591: found /usr/bin/awk
configure:2602: result: awk
configure:2613: checking whether make sets $(MAKE)
configure:2635: result: yes
configure:2745: checking build system type
configure:2759: result: i386-apple-darwin14.3.0
configure:2779: checking host system type
configure:2792: result: i386-apple-darwin14.3.0
configure:2833: checking how to print strings
configure:2860: result: printf
configure:2893: checking for style of include used by make
configure:2921: result: GNU
configure:2992: checking for gcc
configure:3019: result: gcc -arch i386 -arch x86_32 -arch ppc -arch ppc32
configure:3248: checking for C compiler version
configure:3257: gcc -arch i386 -arch x86_32 -arch ppc -arch ppc32 --version >&5
Apple LLVM version 6.1.0 (clang-602.0.49) (based on LLVM 3.6.0svn)
Target: unknown-apple-darwin14.3.0
Thread model: posix
configure:3268: $? = 0
configure:3257: gcc -arch i386 -arch x86_32 -arch ppc -arch ppc32 -v >&5
Apple LLVM version 6.1.0 (clang-602.0.49) (based on LLVM 3.6.0svn)
Target: unknown-apple-darwin14.3.0
Thread model: posix
clang: error: invalid arch name '-arch x86_32'
clang: error: invalid arch name '-arch ppc32'
configure:3268: $? = 1
configure:3257: gcc -arch i386 -arch x86_32 -arch ppc -arch ppc32 -V >&5
clang: error: argument to '-V' is missing (expected 1 value)
clang: error: invalid arch name '-arch x86_32'
clang: error: invalid arch name '-arch ppc32'
clang: error: no input files
configure:3268: $? = 1
configure:3257: gcc -arch i386 -arch x86_32 -arch ppc -arch ppc32 -qversion >&5
clang: error: unknown argument: '-qversion'
clang: error: invalid arch name '-arch x86_32'
clang: error: invalid arch name '-arch ppc32'
clang: error: no input files
configure:3268: $? = 1
configure:3288: checking whether the C compiler works
configure:3310: gcc -arch i386 -arch x86_32 -arch ppc -arch ppc32    conftest.c  >&5
clang: error: invalid arch name '-arch x86_32'
clang: error: invalid arch name '-arch ppc32'
configure:3314: $? = 1
configure:3352: result: no
configure: failed program was:
| /* confdefs.h */
| #define PACKAGE_NAME "APRS parser"
| #define PACKAGE_TARNAME "libfap"
| #define PACKAGE_VERSION "1.5"
| #define PACKAGE_STRING "APRS parser 1.5"
| #define PACKAGE_BUGREPORT "OH2GVE"
| #define PACKAGE_URL ""
| #define PACKAGE "libfap"
| #define VERSION "1.5"
| /* end confdefs.h.  */
| 
| int
| main ()
| {
| 
|   ;
|   return 0;
| }
configure:3357: error: in `/Users/acasado/Downloads/libfap-1.5':
configure:3359: error: C compiler cannot create executables
See `config.log' for more details

## ---------------- ##
## Cache variables. ##
## ---------------- ##

ac_cv_build=i386-apple-darwin14.3.0
ac_cv_env_CC_set=set
ac_cv_env_CC_value='gcc -arch i386 -arch x86_32 -arch ppc -arch ppc32'
ac_cv_env_CFLAGS_set=
ac_cv_env_CFLAGS_value=
ac_cv_env_CPPFLAGS_set=
ac_cv_env_CPPFLAGS_value=
ac_cv_env_CPP_set=set
ac_cv_env_CPP_value='gcc -E'
ac_cv_env_LDFLAGS_set=
ac_cv_env_LDFLAGS_value=
ac_cv_env_LIBS_set=
ac_cv_env_LIBS_value=
ac_cv_env_build_alias_set=
ac_cv_env_build_alias_value=
ac_cv_env_host_alias_set=
ac_cv_env_host_alias_value=
ac_cv_env_target_alias_set=
ac_cv_env_target_alias_value=
ac_cv_host=i386-apple-darwin14.3.0
ac_cv_path_install='/usr/local/bin/ginstall -c'
ac_cv_path_mkdir=/usr/local/bin/gmkdir
ac_cv_prog_AWK=awk
ac_cv_prog_ac_ct_CC='gcc -arch i386 -arch x86_32 -arch ppc -arch ppc32'
ac_cv_prog_make_make_set=yes

## ----------------- ##
## Output variables. ##
## ----------------- ##

ACLOCAL='${SHELL} /Users/acasado/Downloads/libfap-1.5/missing --run aclocal-1.11'
AMDEPBACKSLASH='\'
AMDEP_FALSE='#'
AMDEP_TRUE=''
AMTAR='$${TAR-tar}'
AR=''
AUTOCONF='${SHELL} /Users/acasado/Downloads/libfap-1.5/missing --run autoconf'
AUTOHEADER='${SHELL} /Users/acasado/Downloads/libfap-1.5/missing --run autoheader'
AUTOMAKE='${SHELL} /Users/acasado/Downloads/libfap-1.5/missing --run automake-1.11'
AWK='awk'
CC='gcc -arch i386 -arch x86_32 -arch ppc -arch ppc32'
CCDEPMODE=''
CFLAGS=''
CPP='gcc -E'
CPPFLAGS=''
CYGPATH_W='echo'
DEFS=''
DEPDIR='.deps'
DLLTOOL=''
DSYMUTIL=''
DUMPBIN=''
ECHO_C='\c'
ECHO_N=''
ECHO_T=''
EGREP=''
EXEEXT=''
FAP_LIBRARY_VERSION='6:0:0'
FGREP=''
GREP=''
INSTALL_DATA='${INSTALL} -m 644'
INSTALL_PROGRAM='${INSTALL}'
INSTALL_SCRIPT='${INSTALL}'
INSTALL_STRIP_PROGRAM='$(install_sh) -c -s'
LD=''
LDFLAGS=''
LIBOBJS=''
LIBS=''
LIBTOOL=''
LIPO=''
LN_S=''
LTLIBOBJS=''
MAKEINFO='${SHELL} /Users/acasado/Downloads/libfap-1.5/missing --run makeinfo'
MANIFEST_TOOL=''
MKDIR_P='/usr/local/bin/gmkdir -p'
NM=''
NMEDIT=''
OBJDUMP=''
OBJEXT=''
OTOOL64=''
OTOOL=''
PACKAGE='libfap'
PACKAGE_BUGREPORT='OH2GVE'
PACKAGE_NAME='APRS parser'
PACKAGE_STRING='APRS parser 1.5'
PACKAGE_TARNAME='libfap'
PACKAGE_URL=''
PACKAGE_VERSION='1.5'
PATH_SEPARATOR=':'
RANLIB=''
SED=''
SET_MAKE=''
SHELL='/bin/sh'
STRIP=''
VERSION='1.5'
ac_ct_AR=''
ac_ct_CC='gcc -arch i386 -arch x86_32 -arch ppc -arch ppc32'
ac_ct_DUMPBIN=''
am__EXEEXT_FALSE=''
am__EXEEXT_TRUE=''
am__fastdepCC_FALSE=''
am__fastdepCC_TRUE=''
am__include='include'
am__isrc=''
am__leading_dot='.'
am__nodep='_no'
am__quote=''
am__tar='$${TAR-tar} chof - "$$tardir"'
am__untar='$${TAR-tar} xf -'
bindir='${exec_prefix}/bin'
build='i386-apple-darwin14.3.0'
build_alias=''
build_cpu='i386'
build_os='darwin14.3.0'
build_vendor='apple'
datadir='${datarootdir}'
datarootdir='${prefix}/share'
docdir='${datarootdir}/doc/${PACKAGE_TARNAME}'
dvidir='${docdir}'
exec_prefix='NONE'
host='i386-apple-darwin14.3.0'
host_alias=''
host_cpu='i386'
host_os='darwin14.3.0'
host_vendor='apple'
htmldir='${docdir}'
includedir='${prefix}/include'
infodir='${datarootdir}/info'
install_sh='${SHELL} /Users/acasado/Downloads/libfap-1.5/install-sh'
libdir='${exec_prefix}/lib'
libexecdir='${exec_prefix}/libexec'
localedir='${datarootdir}/locale'
localstatedir='${prefix}/var'
mandir='${datarootdir}/man'
mkdir_p='/usr/local/bin/gmkdir -p'
oldincludedir='/usr/include'
pdfdir='${docdir}'
prefix='NONE'
program_transform_name='s,x,x,'
psdir='${docdir}'
sbindir='${exec_prefix}/sbin'
sharedstatedir='${prefix}/com'
sysconfdir='${prefix}/etc'
target_alias=''

## ----------- ##
## confdefs.h. ##
## ----------- ##

/* confdefs.h */
#define PACKAGE_NAME "APRS parser"
#define PACKAGE_TARNAME "libfap"
#define PACKAGE_VERSION "1.5"
#define PACKAGE_STRING "APRS parser 1.5"
#define PACKAGE_BUGREPORT "OH2GVE"
#define PACKAGE_URL ""
#define PACKAGE "libfap"
#define VERSION "1.5"

configure: exit 77
